
   WARN  Metadata found in doc-comment for method Tests\Feature\ConversationApiTest::it_can_create_a_conversation(). Metadata in doc-comments is deprecated and will no longer be supported in PHPUnit 12. Update your test code to use attributes instead.

   WARN  Metadata found in doc-comment for method Tests\Feature\ConversationApiTest::it_can_list_conversations(). Metadata in doc-comments is deprecated and will no longer be supported in PHPUnit 12. Update your test code to use attributes instead.

   WARN  Metadata found in doc-comment for method Tests\Feature\ConversationApiTest::it_can_show_a_conversation(). Metadata in doc-comments is deprecated and will no longer be supported in PHPUnit 12. Update your test code to use attributes instead.

   WARN  Metadata found in doc-comment for method Tests\Feature\ConversationApiTest::it_can_update_a_conversation(). Metadata in doc-comments is deprecated and will no longer be supported in PHPUnit 12. Update your test code to use attributes instead.

   WARN  Metadata found in doc-comment for method Tests\Feature\ConversationApiTest::it_can_end_a_conversation(). Metadata in doc-comments is deprecated and will no longer be supported in PHPUnit 12. Update your test code to use attributes instead.

   WARN  Metadata found in doc-comment for method Tests\Feature\ConversationApiTest::it_can_add_message_to_conversation(). Metadata in doc-comments is deprecated and will no longer be supported in PHPUnit 12. Update your test code to use attributes instead.

   WARN  Metadata found in doc-comment for method Tests\Feature\ConversationApiTest::it_can_list_conversation_messages(). Metadata in doc-comments is deprecated and will no longer be supported in PHPUnit 12. Update your test code to use attributes instead.

   WARN  Metadata found in doc-comment for method Tests\Feature\ConversationApiTest::it_enforces_tenant_isolation(). Metadata in doc-comments is deprecated and will no longer be supported in PHPUnit 12. Update your test code to use attributes instead.

   WARN  Metadata found in doc-comment for method Tests\Feature\CustomerApiTest::it_can_list_customers(). Metadata in doc-comments is deprecated and will no longer be supported in PHPUnit 12. Update your test code to use attributes instead.

   WARN  Metadata found in doc-comment for method Tests\Feature\CustomerApiTest::it_can_create_a_customer(). Metadata in doc-comments is deprecated and will no longer be supported in PHPUnit 12. Update your test code to use attributes instead.

   WARN  Metadata found in doc-comment for method Tests\Feature\CustomerApiTest::it_validates_required_fields_when_creating_customer(). Metadata in doc-comments is deprecated and will no longer be supported in PHPUnit 12. Update your test code to use attributes instead.

   WARN  Metadata found in doc-comment for method Tests\Feature\CustomerApiTest::it_can_show_a_customer(). Metadata in doc-comments is deprecated and will no longer be supported in PHPUnit 12. Update your test code to use attributes instead.

   WARN  Metadata found in doc-comment for method Tests\Feature\CustomerApiTest::it_can_show_customer_by_slug(). Metadata in doc-comments is deprecated and will no longer be supported in PHPUnit 12. Update your test code to use attributes instead.

   WARN  Metadata found in doc-comment for method Tests\Feature\CustomerApiTest::it_can_update_a_customer(). Metadata in doc-comments is deprecated and will no longer be supported in PHPUnit 12. Update your test code to use attributes instead.

   WARN  Metadata found in doc-comment for method Tests\Feature\CustomerApiTest::it_can_update_business_context(). Metadata in doc-comments is deprecated and will no longer be supported in PHPUnit 12. Update your test code to use attributes instead.

   WARN  Metadata found in doc-comment for method Tests\Feature\CustomerApiTest::it_can_get_ai_context(). Metadata in doc-comments is deprecated and will no longer be supported in PHPUnit 12. Update your test code to use attributes instead.

   WARN  Metadata found in doc-comment for method Tests\Feature\CustomerApiTest::it_can_delete_a_customer(). Metadata in doc-comments is deprecated and will no longer be supported in PHPUnit 12. Update your test code to use attributes instead.

   WARN  Metadata found in doc-comment for method Tests\Feature\CustomerApiTest::it_enforces_tenant_isolation(). Metadata in doc-comments is deprecated and will no longer be supported in PHPUnit 12. Update your test code to use attributes instead.

   PASS  Tests\Unit\ExampleTest
  âœ“ that true is true

   FAIL  Tests\Unit\Services\OpenAIServiceTest
  â¨¯ can generate embedding
  â¨¯ handles api error

   FAIL  Tests\Feature\AIControllerTest
  â¨¯ can get ai chat response                                             0.01s  
  â¨¯ can get ai context
  â¨¯ can list ai models
  â¨¯ chat requires message

   FAIL  Tests\Feature\AdApiTest
  â¨¯ can list ads                                                         0.01s  
  â¨¯ can generate ad from campaign
  â¨¯ can generate ad from content
  â¨¯ can list ad templates
  â¨¯ can create ad template                                               0.01s  
  â¨¯ can show ad
  â¨¯ can update ad

   FAIL  Tests\Feature\ArticleApiTest
  â¨¯ can list articles                                                    0.01s  
  â¨¯ can create article
  â¨¯ can show article
  â¨¯ can update article
  â¨¯ can delete article
  â¨¯ can update article status to published

   FAIL  Tests\Feature\CampaignApiTest
  â¨¯ can list campaigns
  â¨¯ can show campaign by slug
  âœ“ returns 404 for nonexistent campaign

   FAIL  Tests\Feature\CampaignGenerationApiTest
  â¨¯ can generate campaign
  â¨¯ can list campaign templates
  â¨¯ can get campaign suggestions

   FAIL  Tests\Feature\ContactApiTest
  â¨¯ can contact customer                                                 0.01s  
  â¨¯ can schedule contact
  â¨¯ can get customer contact preferences
  â¨¯ can update customer contact preferences

   FAIL  Tests\Feature\ContactSalesTest
  â¨¯ contact sales submission success
  â¨¯ contact sales validation required fields
  â¨¯ contact sales validation invalid email
  â¨¯ contact sales validation message too long                            0.01s  
  â¨¯ contact sales with optional fields                                   0.01s  
  â¨¯ contact sales with campaign context
  â¨¯ contact sales with tenant id

   FAIL  Tests\Feature\ContentGenerationApiTest
  â¨¯ can list generated content
  â¨¯ can generate content
  â¨¯ can generate content from campaign
  â¨¯ can list content templates
  â¨¯ can create content template
  â¨¯ can show generated content                                           0.01s  
  â¨¯ can update content status                                            0.01s  

   FAIL  Tests\Feature\ConversationApiTest
  â¨¯ it can create a conversation                                         0.02s  
  â¨¯ it can list conversations                                            0.01s  
  â¨¯ it can show a conversation                                           0.02s  
  â¨¯ it can update a conversation                                         0.01s  
  â¨¯ it can end a conversation                                            0.01s  
  â¨¯ it can add message to conversation                                   0.01s  
  â¨¯ it can list conversation messages                                    0.01s  
  âœ“ it enforces tenant isolation

   FAIL  Tests\Feature\CrmAdvancedAnalyticsApiTest
  â¨¯ can get customer engagement score                                    0.01s  
  â¨¯ can get campaign roi                                                 0.01s  
  â¨¯ can get predictive score                                             0.01s  

   FAIL  Tests\Feature\CrmAnalyticsApiTest
  â¨¯ can get interest analytics                                           0.01s  
  â¨¯ can get purchase analytics                                           0.01s  
  â¨¯ can get learning analytics                                           0.01s  
  â¨¯ can get campaign performance

   FAIL  Tests\Feature\CrmDashboardApiTest
  â¨¯ can get dashboard analytics                                          0.01s  

   FAIL  Tests\Feature\CustomerApiTest
  â¨¯ it can list customers
  â¨¯ it can create a customer
  â¨¯ it validates required fields when creating customer
  â¨¯ it can show a customer
  â¨¯ it can show customer by slug
  â¨¯ it can update a customer
  â¨¯ it can update business context
  â¨¯ it can get ai context
  â¨¯ it can delete a customer
  âœ“ it enforces tenant isolation

   FAIL  Tests\Feature\EmailCampaignApiTest
  â¨¯ can list email campaigns                                             0.01s  
  â¨¯ can create email campaign
  â¨¯ can list email templates
  â¨¯ can create email template                                            0.01s  

   PASS  Tests\Feature\ExampleTest
  âœ“ the application returns a successful response                        0.01s  

   FAIL  Tests\Feature\KnowledgeApiTest
  â¨¯ can list knowledge items                                             0.01s  
  â¨¯ can create knowledge item                                            0.01s  
  â¨¯ can show knowledge item
  â¨¯ can update knowledge item
  â¨¯ can delete knowledge item
  â¨¯ can vote on knowledge item
  â¨¯ can list faq categories
  â¨¯ can create faq category

   FAIL  Tests\Feature\OrderApiTest
  â¨¯ can list orders                                                      0.01s  
  â¨¯ can show order                                                       0.01s  
  â¨¯ can create checkout session
  â¨¯ checkout requires valid customer
  â¨¯ checkout requires items

   FAIL  Tests\Feature\OutboundCampaignApiTest
  â¨¯ can list outbound campaigns                                          0.01s  
  â¨¯ can create outbound campaign
  â¨¯ can show outbound campaign
  â¨¯ can update outbound campaign
  â¨¯ can get campaign recipients                                          0.01s  
  â¨¯ can start campaign
  â¨¯ can get campaign analytics

   FAIL  Tests\Feature\PersonalityApiTest
  â¨¯ can list personalities
  â¨¯ can create personality
  â¨¯ can show personality
  â¨¯ can assign personality to customer
  â¨¯ can get customer personality
  â¨¯ can generate personality response

   FAIL  Tests\Feature\PhoneCampaignApiTest
  â¨¯ can list phone campaigns
  â¨¯ can create phone campaign
  â¨¯ can list phone scripts
  â¨¯ can create phone script
  â¨¯ can update call status

   FAIL  Tests\Feature\PresentationApiTest
  â¨¯ can list presentation templates                                      0.01s  
  â¨¯ can show presentation template
  â¨¯ can create presentation from template
  â¨¯ can show generated presentation
  â¨¯ can generate audio for presentation

   FAIL  Tests\Feature\PublishingApiTest
  â¨¯ can get publishing dashboard
  â¨¯ can get publishing calendar                                          0.01s  
  â¨¯ can get publishing analytics
  â¨¯ can publish content

   FAIL  Tests\Feature\SMSCampaignApiTest
  â¨¯ can list sms campaigns                                               0.01s  
  â¨¯ can create sms campaign
  â¨¯ can list sms templates
  â¨¯ can create sms template
  â¨¯ can update sms status

   FAIL  Tests\Feature\SearchApiTest
  â¨¯ can search knowledge base                                            0.01s  
  â¨¯ can perform hybrid search
  â¨¯ search requires query
  â¨¯ can perform fulltext search
  â¨¯ can get embedding status                                             0.01s  

   FAIL  Tests\Feature\ServiceApiTest
  â¨¯ can list services                                                    0.01s  
  â¨¯ can show service
  â¨¯ can filter services by category
  â¨¯ can filter services by type
  â¨¯ can filter active services

   FAIL  Tests\Feature\ServiceCategoryApiTest
  â¨¯ can list service categories                                          0.01s  
  â¨¯ can show service category
  â¨¯ can list services in category
  â¨¯ can create service category
  â¨¯ can update service category                                          0.01s  
  â¨¯ can delete service category

   FAIL  Tests\Feature\StripeWebhookTest
  â¨¯ can handle payment intent succeeded webhook                          0.01s  
  â¨¯ can handle invoice payment succeeded webhook
  â¨¯ can handle customer subscription created webhook
  â¨¯ can handle customer subscription deleted webhook
  â¨¯ ignores unknown webhook types

   FAIL  Tests\Feature\SurveyApiTest
  â¨¯ can list survey sections                                             0.01s  
  â¨¯ can create survey section
  â¨¯ can update survey section
  â¨¯ can delete survey section
  â¨¯ can list questions for section                                       0.01s  
  â¨¯ can create survey question
  â¨¯ can update survey question
  â¨¯ can delete survey question                                           0.01s  

   FAIL  Tests\Feature\TTSApiTest
  â¨¯ can generate audio from text                                         0.01s  
  â¨¯ can get generation status
  â¨¯ requires text for generation
  â¨¯ can list available voices                                            0.01s  

   FAIL  Tests\Feature\TrainingApiTest
  â¨¯ can list training courses                                            0.01s  
  â¨¯ can show training course
  â¨¯ can enroll in training course
  â¨¯ can get user enrollments
  â”€â”€â”€â”€â”€â”€â”€â”€â”€â”€â”€â”€â”€â”€â”€â”€â”€â”€â”€â”€â”€â”€â”€â”€â”€â”€â”€â”€â”€â”€â”€â”€â”€â”€â”€â”€â”€â”€â”€â”€â”€â”€â”€â”€â”€â”€â”€â”€â”€â”€â”€â”€â”€â”€â”€â”€â”€â”€â”€â”€â”€â”€â”€â”€â”€â”€â”€â”€â”€â”€â”€â”€â”€â”€â”€â”€  
   FAILED  Tests\Unit\Services\OpenAIServiceTest > can generate eâ€¦  TypeError   
  Cannot assign null to property App\Services\OpenAIService::$apiKey of type string

  at app/Services/OpenAIService.php:15
     11â–•     protected string $baseUrl = 'https://api.openai.com/v1';
     12â–• 
     13â–•     public function __construct()
     14â–•     {
  âžœ  15â–•         $this->apiKey = config('services.openai.api_key');
     16â–•     }
     17â–• 
     18â–•     /**
     19â–•      * Generate embedding vector

  1   app/Services/OpenAIService.php:15
  2   tests/Unit/Services/OpenAIServiceTest.php:17

  â”€â”€â”€â”€â”€â”€â”€â”€â”€â”€â”€â”€â”€â”€â”€â”€â”€â”€â”€â”€â”€â”€â”€â”€â”€â”€â”€â”€â”€â”€â”€â”€â”€â”€â”€â”€â”€â”€â”€â”€â”€â”€â”€â”€â”€â”€â”€â”€â”€â”€â”€â”€â”€â”€â”€â”€â”€â”€â”€â”€â”€â”€â”€â”€â”€â”€â”€â”€â”€â”€â”€â”€â”€â”€â”€â”€  
   FAILED  Tests\Unit\Services\OpenAIServiceTest > handles api erâ€¦  TypeError   
  Cannot assign null to property App\Services\OpenAIService::$apiKey of type string

  at app/Services/OpenAIService.php:15
     11â–•     protected string $baseUrl = 'https://api.openai.com/v1';
     12â–• 
     13â–•     public function __construct()
     14â–•     {
  âžœ  15â–•         $this->apiKey = config('services.openai.api_key');
     16â–•     }
     17â–• 
     18â–•     /**
     19â–•      * Generate embedding vector

  1   app/Services/OpenAIService.php:15
  2   tests/Unit/Services/OpenAIServiceTest.php:17

  â”€â”€â”€â”€â”€â”€â”€â”€â”€â”€â”€â”€â”€â”€â”€â”€â”€â”€â”€â”€â”€â”€â”€â”€â”€â”€â”€â”€â”€â”€â”€â”€â”€â”€â”€â”€â”€â”€â”€â”€â”€â”€â”€â”€â”€â”€â”€â”€â”€â”€â”€â”€â”€â”€â”€â”€â”€â”€â”€â”€â”€â”€â”€â”€â”€â”€â”€â”€â”€â”€â”€â”€â”€â”€â”€â”€  
   FAILED  Tests\Feature\AIControllerTest > can get ai chat response            
  Failed asserting that an array contains 404.

  at tests/Feature/AIControllerTest.php:35
     31â–• 
     32â–•         $response = $this->postJson('/api/v1/ai/chat', $data);
     33â–• 
     34â–•         // May return 200 or 500 depending on OpenAI service availability
  âžœ  35â–•         $this->assertContains($response->status(), [200, 500]);
     36â–•     }
     37â–• 
     38â–•     public function test_can_get_ai_context(): void
     39â–•     {

  1   tests/Feature/AIControllerTest.php:35

  â”€â”€â”€â”€â”€â”€â”€â”€â”€â”€â”€â”€â”€â”€â”€â”€â”€â”€â”€â”€â”€â”€â”€â”€â”€â”€â”€â”€â”€â”€â”€â”€â”€â”€â”€â”€â”€â”€â”€â”€â”€â”€â”€â”€â”€â”€â”€â”€â”€â”€â”€â”€â”€â”€â”€â”€â”€â”€â”€â”€â”€â”€â”€â”€â”€â”€â”€â”€â”€â”€â”€â”€â”€â”€â”€â”€  
   FAILED  Tests\Feature\AIControllerTest > can get ai context                  
  Failed asserting that an array contains 404.

  at tests/Feature/AIControllerTest.php:48
     44â–• 
     45â–•         $response = $this->postJson('/api/v1/ai/context', $data);
     46â–• 
     47â–•         // May return 200 or 500 depending on service availability
  âžœ  48â–•         $this->assertContains($response->status(), [200, 500]);
     49â–•     }
     50â–• 
     51â–•     public function test_can_list_ai_models(): void
     52â–•     {

  1   tests/Feature/AIControllerTest.php:48

  â”€â”€â”€â”€â”€â”€â”€â”€â”€â”€â”€â”€â”€â”€â”€â”€â”€â”€â”€â”€â”€â”€â”€â”€â”€â”€â”€â”€â”€â”€â”€â”€â”€â”€â”€â”€â”€â”€â”€â”€â”€â”€â”€â”€â”€â”€â”€â”€â”€â”€â”€â”€â”€â”€â”€â”€â”€â”€â”€â”€â”€â”€â”€â”€â”€â”€â”€â”€â”€â”€â”€â”€â”€â”€â”€â”€  
   FAILED  Tests\Feature\AIControllerTest > can list ai models                  
  Expected response status code [200] but received 404.
Failed asserting that 404 is identical to 200.

  at tests/Feature/AIControllerTest.php:56
     52â–•     {
     53â–•         $response = $this->getJson('/api/v1/ai/models');
     54â–• 
     55â–•         // Should return list of available models
  âžœ  56â–•         $response->assertStatus(200)
     57â–•             ->assertJsonStructure(['data']);
     58â–•     }
     59â–• 
     60â–•     public function test_chat_requires_message(): void

  â”€â”€â”€â”€â”€â”€â”€â”€â”€â”€â”€â”€â”€â”€â”€â”€â”€â”€â”€â”€â”€â”€â”€â”€â”€â”€â”€â”€â”€â”€â”€â”€â”€â”€â”€â”€â”€â”€â”€â”€â”€â”€â”€â”€â”€â”€â”€â”€â”€â”€â”€â”€â”€â”€â”€â”€â”€â”€â”€â”€â”€â”€â”€â”€â”€â”€â”€â”€â”€â”€â”€â”€â”€â”€â”€â”€  
   FAILED  Tests\Feature\AIControllerTest > chat requires message               
  Expected response status code [422] but received 404.
Failed asserting that 404 is identical to 422.

  at tests/Feature/AIControllerTest.php:64
     60â–•     public function test_chat_requires_message(): void
     61â–•     {
     62â–•         $response = $this->postJson('/api/v1/ai/chat', []);
     63â–• 
  âžœ  64â–•         $response->assertStatus(422)
     65â–•             ->assertJsonValidationErrors(['message']);
     66â–•     }
     67â–• }
     68â–•

  â”€â”€â”€â”€â”€â”€â”€â”€â”€â”€â”€â”€â”€â”€â”€â”€â”€â”€â”€â”€â”€â”€â”€â”€â”€â”€â”€â”€â”€â”€â”€â”€â”€â”€â”€â”€â”€â”€â”€â”€â”€â”€â”€â”€â”€â”€â”€â”€â”€â”€â”€â”€â”€â”€â”€â”€â”€â”€â”€â”€â”€â”€â”€â”€â”€â”€â”€â”€â”€â”€â”€â”€â”€â”€â”€â”€  
   FAILED  Tests\Feature\AdApiTest > can list ads                               
  Expected response status code [200] but received 404.
Failed asserting that 404 is identical to 200.

  at tests/Feature/AdApiTest.php:16
     12â–•     public function test_can_list_ads(): void
     13â–•     {
     14â–•         $response = $this->getJson('/api/v1/ads');
     15â–• 
  âžœ  16â–•         $response->assertStatus(200)
     17â–•             ->assertJsonStructure([
     18â–•                 'data' => [
     19â–•                     '*' => ['id', 'title', 'type', 'status']
     20â–•                 ]

  â”€â”€â”€â”€â”€â”€â”€â”€â”€â”€â”€â”€â”€â”€â”€â”€â”€â”€â”€â”€â”€â”€â”€â”€â”€â”€â”€â”€â”€â”€â”€â”€â”€â”€â”€â”€â”€â”€â”€â”€â”€â”€â”€â”€â”€â”€â”€â”€â”€â”€â”€â”€â”€â”€â”€â”€â”€â”€â”€â”€â”€â”€â”€â”€â”€â”€â”€â”€â”€â”€â”€â”€â”€â”€â”€â”€  
   FAILED  Tests\Feature\AdApiTest > can generate ad from campaign              
  Failed asserting that an array contains 404.

  at tests/Feature/AdApiTest.php:35
     31â–•         ];
     32â–• 
     33â–•         $response = $this->postJson('/api/v1/ads/generate-from-campaign', $data);
     34â–• 
  âžœ  35â–•         $this->assertContains($response->status(), [201, 202, 200]);
     36â–•     }
     37â–• 
     38â–•     public function test_can_generate_ad_from_content(): void
     39â–•     {

  1   tests/Feature/AdApiTest.php:35

  â”€â”€â”€â”€â”€â”€â”€â”€â”€â”€â”€â”€â”€â”€â”€â”€â”€â”€â”€â”€â”€â”€â”€â”€â”€â”€â”€â”€â”€â”€â”€â”€â”€â”€â”€â”€â”€â”€â”€â”€â”€â”€â”€â”€â”€â”€â”€â”€â”€â”€â”€â”€â”€â”€â”€â”€â”€â”€â”€â”€â”€â”€â”€â”€â”€â”€â”€â”€â”€â”€â”€â”€â”€â”€â”€â”€  
   FAILED  Tests\Feature\AdApiTest > can generate ad from content               
  Failed asserting that an array contains 404.

  at tests/Feature/AdApiTest.php:48
     44â–•         ];
     45â–• 
     46â–•         $response = $this->postJson('/api/v1/ads/generate-from-content', $data);
     47â–• 
  âžœ  48â–•         $this->assertContains($response->status(), [201, 202, 200]);
     49â–•     }
     50â–• 
     51â–•     public function test_can_list_ad_templates(): void
     52â–•     {

  1   tests/Feature/AdApiTest.php:48

  â”€â”€â”€â”€â”€â”€â”€â”€â”€â”€â”€â”€â”€â”€â”€â”€â”€â”€â”€â”€â”€â”€â”€â”€â”€â”€â”€â”€â”€â”€â”€â”€â”€â”€â”€â”€â”€â”€â”€â”€â”€â”€â”€â”€â”€â”€â”€â”€â”€â”€â”€â”€â”€â”€â”€â”€â”€â”€â”€â”€â”€â”€â”€â”€â”€â”€â”€â”€â”€â”€â”€â”€â”€â”€â”€â”€  
   FAILED  Tests\Feature\AdApiTest > can list ad templates                      
  Expected response status code [200] but received 404.
Failed asserting that 404 is identical to 200.

  at tests/Feature/AdApiTest.php:55
     51â–•     public function test_can_list_ad_templates(): void
     52â–•     {
     53â–•         $response = $this->getJson('/api/v1/ads/templates');
     54â–• 
  âžœ  55â–•         $response->assertStatus(200)
     56â–•             ->assertJsonStructure([
     57â–•                 'data' => [
     58â–•                     '*' => ['id', 'name', 'type', 'platform']
     59â–•                 ]

  â”€â”€â”€â”€â”€â”€â”€â”€â”€â”€â”€â”€â”€â”€â”€â”€â”€â”€â”€â”€â”€â”€â”€â”€â”€â”€â”€â”€â”€â”€â”€â”€â”€â”€â”€â”€â”€â”€â”€â”€â”€â”€â”€â”€â”€â”€â”€â”€â”€â”€â”€â”€â”€â”€â”€â”€â”€â”€â”€â”€â”€â”€â”€â”€â”€â”€â”€â”€â”€â”€â”€â”€â”€â”€â”€â”€  
   FAILED  Tests\Feature\AdApiTest > can create ad template                     
  Expected response status code [201] but received 404.
Failed asserting that 404 is identical to 201.

  at tests/Feature/AdApiTest.php:75
     71â–•         ];
     72â–• 
     73â–•         $response = $this->postJson('/api/v1/ads/templates', $data);
     74â–• 
  âžœ  75â–•         $response->assertStatus(201)
     76â–•             ->assertJsonStructure(['data' => ['id', 'name']]);
     77â–•     }
     78â–• 
     79â–•     public function test_can_show_ad(): void

  â”€â”€â”€â”€â”€â”€â”€â”€â”€â”€â”€â”€â”€â”€â”€â”€â”€â”€â”€â”€â”€â”€â”€â”€â”€â”€â”€â”€â”€â”€â”€â”€â”€â”€â”€â”€â”€â”€â”€â”€â”€â”€â”€â”€â”€â”€â”€â”€â”€â”€â”€â”€â”€â”€â”€â”€â”€â”€â”€â”€â”€â”€â”€â”€â”€â”€â”€â”€â”€â”€â”€â”€â”€â”€â”€â”€  
   FAILED  Tests\Feature\AdApiTest > can show ad                                
  Expected response status code [200] but received 404.
Failed asserting that 404 is identical to 200.

  at tests/Feature/AdApiTest.php:85
     81â–•         $adId = 'test-ad-id';
     82â–• 
     83â–•         $response = $this->getJson("/api/v1/ads/{$adId}");
     84â–• 
  âžœ  85â–•         $response->assertStatus(200)
     86â–•             ->assertJsonStructure(['data']);
     87â–•     }
     88â–• 
     89â–•     public function test_can_update_ad(): void

  â”€â”€â”€â”€â”€â”€â”€â”€â”€â”€â”€â”€â”€â”€â”€â”€â”€â”€â”€â”€â”€â”€â”€â”€â”€â”€â”€â”€â”€â”€â”€â”€â”€â”€â”€â”€â”€â”€â”€â”€â”€â”€â”€â”€â”€â”€â”€â”€â”€â”€â”€â”€â”€â”€â”€â”€â”€â”€â”€â”€â”€â”€â”€â”€â”€â”€â”€â”€â”€â”€â”€â”€â”€â”€â”€â”€  
   FAILED  Tests\Feature\AdApiTest > can update ad                              
  Expected response status code [200] but received 404.
Failed asserting that 404 is identical to 200.

  at tests/Feature/AdApiTest.php:100
     96â–•         ];
     97â–• 
     98â–•         $response = $this->putJson("/api/v1/ads/{$adId}", $data);
     99â–• 
  âžœ 100â–•         $response->assertStatus(200)
    101â–•             ->assertJsonStructure(['data', 'message']);
    102â–•     }
    103â–• }
    104â–•

  â”€â”€â”€â”€â”€â”€â”€â”€â”€â”€â”€â”€â”€â”€â”€â”€â”€â”€â”€â”€â”€â”€â”€â”€â”€â”€â”€â”€â”€â”€â”€â”€â”€â”€â”€â”€â”€â”€â”€â”€â”€â”€â”€â”€â”€â”€â”€â”€â”€â”€â”€â”€â”€â”€â”€â”€â”€â”€â”€â”€â”€â”€â”€â”€â”€â”€â”€â”€â”€â”€â”€â”€â”€â”€â”€â”€  
   FAILED  Tests\Feature\ArticleApiTest > can list articles    QueryException   
  SQLSTATE[HY000]: General error: 1 no such table: articles (Connection: sqlite, SQL: insert into "articles" ("tenant_id", "title", "slug", "excerpt", "content", "featured_image", "category", "status", "published_at", "is_ai_generated", "view_count", "created_by", "id", "updated_at", "created_at") values (00000000-0000-0000-0000-000000000000, Quia laudantium adipisci facilis., quia-laudantium-adipisci-facilis-3908, ?, Nihil dolorem debitis dignissimos nostrum excepturi quam impedit aut. Ex qui eos in quam aspernatur possimus. Voluptas nihil possimus dignissimos molestiae voluptatem. Aut fugiat magni beatae explicabo accusamus maxime qui.

Ea velit exercitationem perferendis sint sunt veritatis distinctio. Eaque autem voluptatem molestiae quibusdam voluptatem hic neque. Exercitationem et quam ut.

Illo itaque aliquam nulla natus. Et accusantium quaerat nihil velit hic sed eligendi. Qui dicta autem non doloribus sunt doloremque.

Ea eos aut ratione exercitationem cumque. Ut vel unde aspernatur accusantium deserunt. Nam et voluptatem nemo nemo dolore ut delectus totam. Animi numquam nesciunt eum unde.

Consequatur facere eum ipsa qui voluptatibus. Inventore ducimus architecto odit. Tenetur modi quo ad et harum est sed. Itaque voluptatem vero minus neque., https://via.placeholder.com/640x480.png/002299?text=aperiam, incidunt, archived, ?, 0, 2854, 623fffc8-c07e-34a9-95c4-65fe9e08657c, 019ba9ed-a044-7154-8a2a-d76650260da0, 2026-01-10 22:01:21, 2026-01-10 22:01:21))

  at vendor/laravel/framework/src/Illuminate/Database/Connection.php:826
    822â–•                     $this->getName(), $query, $this->prepareBindings($bindings), $e
    823â–•                 );
    824â–•             }
    825â–• 
  âžœ 826â–•             throw new QueryException(
    827â–•                 $this->getName(), $query, $this->prepareBindings($bindings), $e
    828â–•             );
    829â–•         }
    830â–•     }

      [2m+15 vendor frames [22m
  16  tests/Feature/ArticleApiTest.php:15

  â”€â”€â”€â”€â”€â”€â”€â”€â”€â”€â”€â”€â”€â”€â”€â”€â”€â”€â”€â”€â”€â”€â”€â”€â”€â”€â”€â”€â”€â”€â”€â”€â”€â”€â”€â”€â”€â”€â”€â”€â”€â”€â”€â”€â”€â”€â”€â”€â”€â”€â”€â”€â”€â”€â”€â”€â”€â”€â”€â”€â”€â”€â”€â”€â”€â”€â”€â”€â”€â”€â”€â”€â”€â”€â”€â”€  
   FAILED  Tests\Feature\ArticleApiTest > can create article                    
  Expected response status code [201] but received 404.
Failed asserting that 404 is identical to 201.

  at tests/Feature/ArticleApiTest.php:41
     37â–•         ];
     38â–• 
     39â–•         $response = $this->postJson('/api/v1/articles', $data);
     40â–• 
  âžœ  41â–•         $response->assertStatus(201)
     42â–•             ->assertJsonStructure(['data' => ['id', 'title', 'slug']]);
     43â–• 
     44â–•         $this->assertDatabaseHas('articles', [
     45â–•             'title' => 'Test Article',

  â”€â”€â”€â”€â”€â”€â”€â”€â”€â”€â”€â”€â”€â”€â”€â”€â”€â”€â”€â”€â”€â”€â”€â”€â”€â”€â”€â”€â”€â”€â”€â”€â”€â”€â”€â”€â”€â”€â”€â”€â”€â”€â”€â”€â”€â”€â”€â”€â”€â”€â”€â”€â”€â”€â”€â”€â”€â”€â”€â”€â”€â”€â”€â”€â”€â”€â”€â”€â”€â”€â”€â”€â”€â”€â”€â”€  
   FAILED  Tests\Feature\ArticleApiTest > can show article     QueryException   
  SQLSTATE[HY000]: General error: 1 no such table: articles (Connection: sqlite, SQL: insert into "articles" ("tenant_id", "title", "slug", "excerpt", "content", "featured_image", "category", "status", "published_at", "is_ai_generated", "view_count", "created_by", "id", "updated_at", "created_at") values (00000000-0000-0000-0000-000000000000, Beatae distinctio rem molestiae., beatae-distinctio-rem-molestiae-8566, Nobis et voluptatibus voluptas sed., At tempore quo est repudiandae hic autem. Quibusdam molestias laudantium molestiae molestias. Nostrum esse eius itaque minima eaque eum blanditiis.

Culpa doloremque pariatur aliquam non voluptates consequatur ea laborum. Est necessitatibus quibusdam voluptatem et nihil ex. Atque tempora voluptas eveniet est explicabo nostrum perspiciatis reprehenderit. Voluptatem impedit odio veniam ipsa nobis qui ipsa.

Est omnis consequatur ipsam assumenda suscipit. Excepturi consequatur enim magnam suscipit praesentium ipsum est. Voluptates culpa ducimus possimus sint quibusdam sit. Similique saepe voluptatibus natus perferendis doloremque et.

Minus autem et consequatur eos. Quasi earum eveniet quia voluptate consequatur rerum illo. Voluptates est temporibus voluptates ullam et accusamus.

Nesciunt soluta ipsam quidem totam unde. Nisi esse qui autem dolorem qui consequatur ab., ?, ipsum, published, ?, 0, 9968, ?, 019ba9ed-a04c-7280-9640-3ec4200f5e82, 2026-01-10 22:01:21, 2026-01-10 22:01:21))

  at vendor/laravel/framework/src/Illuminate/Database/Connection.php:826
    822â–•                     $this->getName(), $query, $this->prepareBindings($bindings), $e
    823â–•                 );
    824â–•             }
    825â–• 
  âžœ 826â–•             throw new QueryException(
    827â–•                 $this->getName(), $query, $this->prepareBindings($bindings), $e
    828â–•             );
    829â–•         }
    830â–•     }

      [2m+15 vendor frames [22m
  16  tests/Feature/ArticleApiTest.php:52

  â”€â”€â”€â”€â”€â”€â”€â”€â”€â”€â”€â”€â”€â”€â”€â”€â”€â”€â”€â”€â”€â”€â”€â”€â”€â”€â”€â”€â”€â”€â”€â”€â”€â”€â”€â”€â”€â”€â”€â”€â”€â”€â”€â”€â”€â”€â”€â”€â”€â”€â”€â”€â”€â”€â”€â”€â”€â”€â”€â”€â”€â”€â”€â”€â”€â”€â”€â”€â”€â”€â”€â”€â”€â”€â”€â”€  
   FAILED  Tests\Feature\ArticleApiTest > can update article   QueryException   
  SQLSTATE[HY000]: General error: 1 no such table: articles (Connection: sqlite, SQL: insert into "articles" ("tenant_id", "title", "slug", "excerpt", "content", "featured_image", "category", "status", "published_at", "is_ai_generated", "view_count", "created_by", "id", "updated_at", "created_at") values (00000000-0000-0000-0000-000000000000, Fuga aut fugiat quo nemo., fuga-aut-fugiat-quo-nemo-2700, Tenetur ut quo non ut., Et ipsam saepe unde laborum enim. Et perspiciatis omnis ut architecto minus quam. Veniam est fuga eaque magni cumque.

Totam modi dolore doloremque deserunt sit rem. Sit enim nostrum sequi nulla et. Vel in in eos est.

Maxime iure ut occaecati earum. Distinctio perferendis facilis enim voluptas. Dignissimos asperiores ducimus hic. Ullam cupiditate totam quam qui eos est sint laboriosam.

Adipisci corrupti at sint corporis debitis saepe. Illum praesentium velit minima tenetur. Expedita omnis minima esse accusamus. Unde et et nihil et.

Quae sed quaerat quia praesentium tempore voluptate sed est. Et blanditiis quidem ipsum cum et sit magnam. Vero sint atque officia dolorum et incidunt commodi magnam., ?, sunt, published, 1970-10-13 15:39:11, 0, 9558, c5ffa26f-74e7-38a2-83cf-861564c19f95, 019ba9ed-a050-7160-9dca-adb0061246be, 2026-01-10 22:01:21, 2026-01-10 22:01:21))

  at vendor/laravel/framework/src/Illuminate/Database/Connection.php:826
    822â–•                     $this->getName(), $query, $this->prepareBindings($bindings), $e
    823â–•                 );
    824â–•             }
    825â–• 
  âžœ 826â–•             throw new QueryException(
    827â–•                 $this->getName(), $query, $this->prepareBindings($bindings), $e
    828â–•             );
    829â–•         }
    830â–•     }

      [2m+15 vendor frames [22m
  16  tests/Feature/ArticleApiTest.php:67

  â”€â”€â”€â”€â”€â”€â”€â”€â”€â”€â”€â”€â”€â”€â”€â”€â”€â”€â”€â”€â”€â”€â”€â”€â”€â”€â”€â”€â”€â”€â”€â”€â”€â”€â”€â”€â”€â”€â”€â”€â”€â”€â”€â”€â”€â”€â”€â”€â”€â”€â”€â”€â”€â”€â”€â”€â”€â”€â”€â”€â”€â”€â”€â”€â”€â”€â”€â”€â”€â”€â”€â”€â”€â”€â”€â”€  
   FAILED  Tests\Feature\ArticleApiTest > can delete article   QueryException   
  SQLSTATE[HY000]: General error: 1 no such table: articles (Connection: sqlite, SQL: insert into "articles" ("tenant_id", "title", "slug", "excerpt", "content", "featured_image", "category", "status", "published_at", "is_ai_generated", "view_count", "created_by", "id", "updated_at", "created_at") values (00000000-0000-0000-0000-000000000000, Quis quia magnam et., quis-quia-magnam-et-103, ?, Est similique id omnis ipsum repudiandae possimus. Quia consectetur laborum aspernatur qui adipisci et sed. Autem nostrum et repellendus rerum adipisci. Dolorem et officiis sunt inventore est. Sed hic qui veritatis autem.

Id provident reiciendis cumque et. Officia architecto dolorem dolores autem totam ab sed. Et inventore ea a animi et et est. Voluptatem et sunt est reiciendis ea.

Aspernatur numquam sit minus vel. Dolore qui atque error beatae nam. Et animi veniam exercitationem accusamus repellendus neque occaecati. Ab perspiciatis amet earum sed officia quia quasi eum.

Voluptates qui et ad accusantium aut expedita exercitationem. In aperiam omnis perferendis rerum. Excepturi neque ut ut repellat possimus numquam ullam.

Qui nobis excepturi maxime veniam. Rerum veniam quis ea dicta quos suscipit. Maxime eligendi architecto quo eos eveniet vel rerum., https://via.placeholder.com/640x480.png/00ffee?text=dolor, tenetur, draft, 1985-01-31 20:06:15, 1, 6439, 7e467191-37cb-3565-b5e7-a03837ed1a61, 019ba9ed-a054-70de-a7af-e09d57c5127d, 2026-01-10 22:01:21, 2026-01-10 22:01:21))

  at vendor/laravel/framework/src/Illuminate/Database/Connection.php:826
    822â–•                     $this->getName(), $query, $this->prepareBindings($bindings), $e
    823â–•                 );
    824â–•             }
    825â–• 
  âžœ 826â–•             throw new QueryException(
    827â–•                 $this->getName(), $query, $this->prepareBindings($bindings), $e
    828â–•             );
    829â–•         }
    830â–•     }

      [2m+15 vendor frames [22m
  16  tests/Feature/ArticleApiTest.php:91

  â”€â”€â”€â”€â”€â”€â”€â”€â”€â”€â”€â”€â”€â”€â”€â”€â”€â”€â”€â”€â”€â”€â”€â”€â”€â”€â”€â”€â”€â”€â”€â”€â”€â”€â”€â”€â”€â”€â”€â”€â”€â”€â”€â”€â”€â”€â”€â”€â”€â”€â”€â”€â”€â”€â”€â”€â”€â”€â”€â”€â”€â”€â”€â”€â”€â”€â”€â”€â”€â”€â”€â”€â”€â”€â”€â”€  
   FAILED  Tests\Feature\ArticleApiTest > can update articleâ€¦  QueryException   
  SQLSTATE[HY000]: General error: 1 no such table: articles (Connection: sqlite, SQL: insert into "articles" ("tenant_id", "title", "slug", "excerpt", "content", "featured_image", "category", "status", "published_at", "is_ai_generated", "view_count", "created_by", "id", "updated_at", "created_at") values (00000000-0000-0000-0000-000000000000, Sint sed est aliquam., sint-sed-est-aliquam-2090, ?, Id possimus repellendus explicabo. Odit cupiditate nulla rerum praesentium enim ipsum. Aliquid quidem eos autem eaque et officiis optio reiciendis. Eligendi animi ut nemo praesentium repudiandae ea repudiandae.

Repellat quos error qui quasi. Asperiores cupiditate necessitatibus velit praesentium ut in eligendi. Assumenda incidunt consequuntur ipsam non. Omnis repellat et et rerum ut error rem.

Possimus hic consequatur ea est. Est enim dolorem reprehenderit et voluptate. Minus id laborum aut eligendi quisquam quia corporis explicabo.

Nostrum nisi est aut animi fugiat aperiam magni. Sapiente a delectus praesentium sed repellat fuga. Voluptatibus atque sunt deleniti rerum voluptate rem. Iste explicabo sed incidunt omnis laboriosam ut.

Sunt ducimus molestiae iusto ullam in ipsa. Aut occaecati labore doloribus voluptates et. Perspiciatis repellendus consequatur vero et in., https://via.placeholder.com/640x480.png/002288?text=deserunt, ?, draft, 1979-10-23 19:44:23, 0, 7651, ?, 019ba9ed-a057-736c-855e-61863c4c303a, 2026-01-10 22:01:21, 2026-01-10 22:01:21))

  at vendor/laravel/framework/src/Illuminate/Database/Connection.php:826
    822â–•                     $this->getName(), $query, $this->prepareBindings($bindings), $e
    823â–•                 );
    824â–•             }
    825â–• 
  âžœ 826â–•             throw new QueryException(
    827â–•                 $this->getName(), $query, $this->prepareBindings($bindings), $e
    828â–•             );
    829â–•         }
    830â–•     }

      [2m+16 vendor frames [22m
  17  tests/Feature/ArticleApiTest.php:104

  â”€â”€â”€â”€â”€â”€â”€â”€â”€â”€â”€â”€â”€â”€â”€â”€â”€â”€â”€â”€â”€â”€â”€â”€â”€â”€â”€â”€â”€â”€â”€â”€â”€â”€â”€â”€â”€â”€â”€â”€â”€â”€â”€â”€â”€â”€â”€â”€â”€â”€â”€â”€â”€â”€â”€â”€â”€â”€â”€â”€â”€â”€â”€â”€â”€â”€â”€â”€â”€â”€â”€â”€â”€â”€â”€â”€  
   FAILED  Tests\Feature\CampaignApiTest > can list campaignâ€¦  QueryException   
  SQLSTATE[HY000]: General error: 1 no such table: campaigns (Connection: sqlite, SQL: insert into "campaigns" ("campaign_id", "template_name", "landing_page_slug", "tenant_id", "created_at", "updated_at") values (TEST-001, Test Campaign, test-campaign, 00000000-0000-0000-0000-000000000000, 2026-01-10 22:01:21, 2026-01-10 22:01:21))

  at vendor/laravel/framework/src/Illuminate/Database/Connection.php:826
    822â–•                     $this->getName(), $query, $this->prepareBindings($bindings), $e
    823â–•                 );
    824â–•             }
    825â–• 
  âžœ 826â–•             throw new QueryException(
    827â–•                 $this->getName(), $query, $this->prepareBindings($bindings), $e
    828â–•             );
    829â–•         }
    830â–•     }

      [2m+8 vendor frames [22m
  9   tests/Feature/CampaignApiTest.php:17

  â”€â”€â”€â”€â”€â”€â”€â”€â”€â”€â”€â”€â”€â”€â”€â”€â”€â”€â”€â”€â”€â”€â”€â”€â”€â”€â”€â”€â”€â”€â”€â”€â”€â”€â”€â”€â”€â”€â”€â”€â”€â”€â”€â”€â”€â”€â”€â”€â”€â”€â”€â”€â”€â”€â”€â”€â”€â”€â”€â”€â”€â”€â”€â”€â”€â”€â”€â”€â”€â”€â”€â”€â”€â”€â”€â”€  
   FAILED  Tests\Feature\CampaignApiTest > can show campaignâ€¦  QueryException   
  SQLSTATE[HY000]: General error: 1 no such table: campaigns (Connection: sqlite, SQL: insert into "campaigns" ("campaign_id", "template_name", "landing_page_slug", "tenant_id", "created_at", "updated_at") values (TEST-002, Test Campaign 2, test-campaign-2, 00000000-0000-0000-0000-000000000000, 2026-01-10 22:01:21, 2026-01-10 22:01:21))

  at vendor/laravel/framework/src/Illuminate/Database/Connection.php:826
    822â–•                     $this->getName(), $query, $this->prepareBindings($bindings), $e
    823â–•                 );
    824â–•             }
    825â–• 
  âžœ 826â–•             throw new QueryException(
    827â–•                 $this->getName(), $query, $this->prepareBindings($bindings), $e
    828â–•             );
    829â–•         }
    830â–•     }

      [2m+8 vendor frames [22m
  9   tests/Feature/CampaignApiTest.php:38

  â”€â”€â”€â”€â”€â”€â”€â”€â”€â”€â”€â”€â”€â”€â”€â”€â”€â”€â”€â”€â”€â”€â”€â”€â”€â”€â”€â”€â”€â”€â”€â”€â”€â”€â”€â”€â”€â”€â”€â”€â”€â”€â”€â”€â”€â”€â”€â”€â”€â”€â”€â”€â”€â”€â”€â”€â”€â”€â”€â”€â”€â”€â”€â”€â”€â”€â”€â”€â”€â”€â”€â”€â”€â”€â”€â”€  
   FAILED  Tests\Feature\CampaignGenerationApiTest > can generate campaign      
  Failed asserting that an array contains 404.

  at tests/Feature/CampaignGenerationApiTest.php:24
     20â–• 
     21â–•         $response = $this->postJson('/api/v1/campaigns/generate', $data);
     22â–• 
     23â–•         // May return 201 or 202 (accepted) depending on implementation
  âžœ  24â–•         $this->assertContains($response->status(), [201, 202, 200]);
     25â–•     }
     26â–• 
     27â–•     public function test_can_list_campaign_templates(): void
     28â–•     {

  1   tests/Feature/CampaignGenerationApiTest.php:24

  â”€â”€â”€â”€â”€â”€â”€â”€â”€â”€â”€â”€â”€â”€â”€â”€â”€â”€â”€â”€â”€â”€â”€â”€â”€â”€â”€â”€â”€â”€â”€â”€â”€â”€â”€â”€â”€â”€â”€â”€â”€â”€â”€â”€â”€â”€â”€â”€â”€â”€â”€â”€â”€â”€â”€â”€â”€â”€â”€â”€â”€â”€â”€â”€â”€â”€â”€â”€â”€â”€â”€â”€â”€â”€â”€â”€  
   FAILED  Tests\Feature\CampaignGenerationApiTest > can list campaign templâ€¦   
  Expected response status code [200] but received 404.
Failed asserting that 404 is identical to 200.

  at tests/Feature/CampaignGenerationApiTest.php:31
     27â–•     public function test_can_list_campaign_templates(): void
     28â–•     {
     29â–•         $response = $this->getJson('/api/v1/campaigns/templates');
     30â–• 
  âžœ  31â–•         $response->assertStatus(200)
     32â–•             ->assertJsonStructure([
     33â–•                 'data' => [
     34â–•                     '*' => ['id', 'name', 'type', 'objectives']
     35â–•                 ]

  â”€â”€â”€â”€â”€â”€â”€â”€â”€â”€â”€â”€â”€â”€â”€â”€â”€â”€â”€â”€â”€â”€â”€â”€â”€â”€â”€â”€â”€â”€â”€â”€â”€â”€â”€â”€â”€â”€â”€â”€â”€â”€â”€â”€â”€â”€â”€â”€â”€â”€â”€â”€â”€â”€â”€â”€â”€â”€â”€â”€â”€â”€â”€â”€â”€â”€â”€â”€â”€â”€â”€â”€â”€â”€â”€â”€  
   FAILED  Tests\Feature\CampaignGenerationApiTest > can get campaign suggesâ€¦   
  Expected response status code [200] but received 404.
Failed asserting that 404 is identical to 200.

  at tests/Feature/CampaignGenerationApiTest.php:48
     44â–•         ];
     45â–• 
     46â–•         $response = $this->postJson('/api/v1/campaigns/suggestions', $data);
     47â–• 
  âžœ  48â–•         $response->assertStatus(200)
     49â–•             ->assertJsonStructure([
     50â–•                 'data' => [
     51â–•                     '*' => ['type', 'recommendation', 'rationale']
     52â–•                 ]

  â”€â”€â”€â”€â”€â”€â”€â”€â”€â”€â”€â”€â”€â”€â”€â”€â”€â”€â”€â”€â”€â”€â”€â”€â”€â”€â”€â”€â”€â”€â”€â”€â”€â”€â”€â”€â”€â”€â”€â”€â”€â”€â”€â”€â”€â”€â”€â”€â”€â”€â”€â”€â”€â”€â”€â”€â”€â”€â”€â”€â”€â”€â”€â”€â”€â”€â”€â”€â”€â”€â”€â”€â”€â”€â”€â”€  
   FAILED  Tests\Feature\ContactApiTest > can contact customer                  
  Expected response status code [200] but received 404.
Failed asserting that 404 is identical to 200.

  at tests/Feature/ContactApiTest.php:27
     23â–•         ];
     24â–• 
     25â–•         $response = $this->postJson('/api/v1/personality-contacts/contact', $data);
     26â–• 
  âžœ  27â–•         $response->assertStatus(200)
     28â–•             ->assertJsonStructure(['data', 'message']);
     29â–•     }
     30â–• 
     31â–•     public function test_can_schedule_contact(): void

  â”€â”€â”€â”€â”€â”€â”€â”€â”€â”€â”€â”€â”€â”€â”€â”€â”€â”€â”€â”€â”€â”€â”€â”€â”€â”€â”€â”€â”€â”€â”€â”€â”€â”€â”€â”€â”€â”€â”€â”€â”€â”€â”€â”€â”€â”€â”€â”€â”€â”€â”€â”€â”€â”€â”€â”€â”€â”€â”€â”€â”€â”€â”€â”€â”€â”€â”€â”€â”€â”€â”€â”€â”€â”€â”€â”€  
   FAILED  Tests\Feature\ContactApiTest > can schedule contact                  
  Expected response status code [201] but received 404.
Failed asserting that 404 is identical to 201.

  at tests/Feature/ContactApiTest.php:45
     41â–•         ];
     42â–• 
     43â–•         $response = $this->postJson('/api/v1/personality-contacts/schedule', $data);
     44â–• 
  âžœ  45â–•         $response->assertStatus(201)
     46â–•             ->assertJsonStructure(['data', 'message']);
     47â–•     }
     48â–• 
     49â–•     public function test_can_get_customer_contact_preferences(): void

  â”€â”€â”€â”€â”€â”€â”€â”€â”€â”€â”€â”€â”€â”€â”€â”€â”€â”€â”€â”€â”€â”€â”€â”€â”€â”€â”€â”€â”€â”€â”€â”€â”€â”€â”€â”€â”€â”€â”€â”€â”€â”€â”€â”€â”€â”€â”€â”€â”€â”€â”€â”€â”€â”€â”€â”€â”€â”€â”€â”€â”€â”€â”€â”€â”€â”€â”€â”€â”€â”€â”€â”€â”€â”€â”€â”€  
   FAILED  Tests\Feature\ContactApiTest > can get customer contact preferencâ€¦   
  Expected response status code [200] but received 404.
Failed asserting that 404 is identical to 200.

  at tests/Feature/ContactApiTest.php:55
     51â–•         $customer = Customer::factory()->create();
     52â–• 
     53â–•         $response = $this->getJson("/api/v1/personality-contacts/customers/{$customer->id}/preferences");
     54â–• 
  âžœ  55â–•         $response->assertStatus(200)
     56â–•             ->assertJsonStructure(['data']);
     57â–•     }
     58â–• 
     59â–•     public function test_can_update_customer_contact_preferences(): void

  â”€â”€â”€â”€â”€â”€â”€â”€â”€â”€â”€â”€â”€â”€â”€â”€â”€â”€â”€â”€â”€â”€â”€â”€â”€â”€â”€â”€â”€â”€â”€â”€â”€â”€â”€â”€â”€â”€â”€â”€â”€â”€â”€â”€â”€â”€â”€â”€â”€â”€â”€â”€â”€â”€â”€â”€â”€â”€â”€â”€â”€â”€â”€â”€â”€â”€â”€â”€â”€â”€â”€â”€â”€â”€â”€â”€  
   FAILED  Tests\Feature\ContactApiTest > can update customer contact preferâ€¦   
  Expected response status code [200] but received 404.
Failed asserting that 404 is identical to 200.

  at tests/Feature/ContactApiTest.php:71
     67â–•         ];
     68â–• 
     69â–•         $response = $this->putJson("/api/v1/personality-contacts/customers/{$customer->id}/preferences", $data);
     70â–• 
  âžœ  71â–•         $response->assertStatus(200)
     72â–•             ->assertJsonStructure(['data', 'message']);
     73â–•     }
     74â–• }
     75â–•

  â”€â”€â”€â”€â”€â”€â”€â”€â”€â”€â”€â”€â”€â”€â”€â”€â”€â”€â”€â”€â”€â”€â”€â”€â”€â”€â”€â”€â”€â”€â”€â”€â”€â”€â”€â”€â”€â”€â”€â”€â”€â”€â”€â”€â”€â”€â”€â”€â”€â”€â”€â”€â”€â”€â”€â”€â”€â”€â”€â”€â”€â”€â”€â”€â”€â”€â”€â”€â”€â”€â”€â”€â”€â”€â”€â”€  
   FAILED  Tests\Feature\ContactSalesTest > contact sales submission success    
  Expected response status code [200] but received 404.
Failed asserting that 404 is identical to 200.

  at tests/Feature/ContactSalesTest.php:33
     29â–•         ];
     30â–• 
     31â–•         $response = $this->postJson('/api/v1/learning/contact/sales', $data);
     32â–• 
  âžœ  33â–•         $response->assertStatus(200)
     34â–•             ->assertJson([
     35â–•                 'success' => true,
     36â–•             ])
     37â–•             ->assertJsonStructure([

  â”€â”€â”€â”€â”€â”€â”€â”€â”€â”€â”€â”€â”€â”€â”€â”€â”€â”€â”€â”€â”€â”€â”€â”€â”€â”€â”€â”€â”€â”€â”€â”€â”€â”€â”€â”€â”€â”€â”€â”€â”€â”€â”€â”€â”€â”€â”€â”€â”€â”€â”€â”€â”€â”€â”€â”€â”€â”€â”€â”€â”€â”€â”€â”€â”€â”€â”€â”€â”€â”€â”€â”€â”€â”€â”€â”€  
   FAILED  Tests\Feature\ContactSalesTest > contact sales validation requireâ€¦   
  Expected response status code [422] but received 404.
Failed asserting that 404 is identical to 422.

  at tests/Feature/ContactSalesTest.php:50
     46â–•     public function test_contact_sales_validation_required_fields(): void
     47â–•     {
     48â–•         $response = $this->postJson('/api/v1/learning/contact/sales', []);
     49â–• 
  âžœ  50â–•         $response->assertStatus(422)
     51â–•             ->assertJsonValidationErrors(['name', 'email', 'message']);
     52â–•     }
     53â–• 
     54â–•     /**

  â”€â”€â”€â”€â”€â”€â”€â”€â”€â”€â”€â”€â”€â”€â”€â”€â”€â”€â”€â”€â”€â”€â”€â”€â”€â”€â”€â”€â”€â”€â”€â”€â”€â”€â”€â”€â”€â”€â”€â”€â”€â”€â”€â”€â”€â”€â”€â”€â”€â”€â”€â”€â”€â”€â”€â”€â”€â”€â”€â”€â”€â”€â”€â”€â”€â”€â”€â”€â”€â”€â”€â”€â”€â”€â”€â”€  
   FAILED  Tests\Feature\ContactSalesTest > contact sales validation invalidâ€¦   
  Expected response status code [422] but received 404.
Failed asserting that 404 is identical to 422.

  at tests/Feature/ContactSalesTest.php:67
     63â–•         ];
     64â–• 
     65â–•         $response = $this->postJson('/api/v1/learning/contact/sales', $data);
     66â–• 
  âžœ  67â–•         $response->assertStatus(422)
     68â–•             ->assertJsonValidationErrors(['email']);
     69â–•     }
     70â–• 
     71â–•     /**

  â”€â”€â”€â”€â”€â”€â”€â”€â”€â”€â”€â”€â”€â”€â”€â”€â”€â”€â”€â”€â”€â”€â”€â”€â”€â”€â”€â”€â”€â”€â”€â”€â”€â”€â”€â”€â”€â”€â”€â”€â”€â”€â”€â”€â”€â”€â”€â”€â”€â”€â”€â”€â”€â”€â”€â”€â”€â”€â”€â”€â”€â”€â”€â”€â”€â”€â”€â”€â”€â”€â”€â”€â”€â”€â”€â”€  
   FAILED  Tests\Feature\ContactSalesTest > contact sales validation messageâ€¦   
  Expected response status code [422] but received 404.
Failed asserting that 404 is identical to 422.

  at tests/Feature/ContactSalesTest.php:84
     80â–•         ];
     81â–• 
     82â–•         $response = $this->postJson('/api/v1/learning/contact/sales', $data);
     83â–• 
  âžœ  84â–•         $response->assertStatus(422)
     85â–•             ->assertJsonValidationErrors(['message']);
     86â–•     }
     87â–• 
     88â–•     /**

  â”€â”€â”€â”€â”€â”€â”€â”€â”€â”€â”€â”€â”€â”€â”€â”€â”€â”€â”€â”€â”€â”€â”€â”€â”€â”€â”€â”€â”€â”€â”€â”€â”€â”€â”€â”€â”€â”€â”€â”€â”€â”€â”€â”€â”€â”€â”€â”€â”€â”€â”€â”€â”€â”€â”€â”€â”€â”€â”€â”€â”€â”€â”€â”€â”€â”€â”€â”€â”€â”€â”€â”€â”€â”€â”€â”€  
   FAILED  Tests\Feature\ContactSalesTest > contact sales with optional fielâ€¦   
  Expected response status code [200] but received 404.
Failed asserting that 404 is identical to 200.

  at tests/Feature/ContactSalesTest.php:101
     97â–•         ];
     98â–• 
     99â–•         $response = $this->postJson('/api/v1/learning/contact/sales', $data);
    100â–• 
  âžœ 101â–•         $response->assertStatus(200)
    102â–•             ->assertJson([
    103â–•                 'success' => true,
    104â–•             ]);
    105â–•     }

  â”€â”€â”€â”€â”€â”€â”€â”€â”€â”€â”€â”€â”€â”€â”€â”€â”€â”€â”€â”€â”€â”€â”€â”€â”€â”€â”€â”€â”€â”€â”€â”€â”€â”€â”€â”€â”€â”€â”€â”€â”€â”€â”€â”€â”€â”€â”€â”€â”€â”€â”€â”€â”€â”€â”€â”€â”€â”€â”€â”€â”€â”€â”€â”€â”€â”€â”€â”€â”€â”€â”€â”€â”€â”€â”€â”€  
   FAILED  Tests\Feature\ContactSalesTest > contact sales with campaign contâ€¦   
  Expected response status code [200] but received 404.
Failed asserting that 404 is identical to 200.

  at tests/Feature/ContactSalesTest.php:125
    121â–•         ];
    122â–• 
    123â–•         $response = $this->postJson('/api/v1/learning/contact/sales', $data);
    124â–• 
  âžœ 125â–•         $response->assertStatus(200)
    126â–•             ->assertJson([
    127â–•                 'success' => true,
    128â–•             ]);
    129â–•     }

  â”€â”€â”€â”€â”€â”€â”€â”€â”€â”€â”€â”€â”€â”€â”€â”€â”€â”€â”€â”€â”€â”€â”€â”€â”€â”€â”€â”€â”€â”€â”€â”€â”€â”€â”€â”€â”€â”€â”€â”€â”€â”€â”€â”€â”€â”€â”€â”€â”€â”€â”€â”€â”€â”€â”€â”€â”€â”€â”€â”€â”€â”€â”€â”€â”€â”€â”€â”€â”€â”€â”€â”€â”€â”€â”€â”€  
   FAILED  Tests\Feature\ContactSalesTest > contact sales with tenant id        
  Expected response status code [200] but received 404.
Failed asserting that 404 is identical to 200.

  at tests/Feature/ContactSalesTest.php:146
    142â–•         $response = $this->withHeaders([
    143â–•             'X-Tenant-ID' => 'tenant-123',
    144â–•         ])->postJson('/api/v1/learning/contact/sales', $data);
    145â–• 
  âžœ 146â–•         $response->assertStatus(200)
    147â–•             ->assertJson([
    148â–•                 'success' => true,
    149â–•             ]);
    150â–•     }

  â”€â”€â”€â”€â”€â”€â”€â”€â”€â”€â”€â”€â”€â”€â”€â”€â”€â”€â”€â”€â”€â”€â”€â”€â”€â”€â”€â”€â”€â”€â”€â”€â”€â”€â”€â”€â”€â”€â”€â”€â”€â”€â”€â”€â”€â”€â”€â”€â”€â”€â”€â”€â”€â”€â”€â”€â”€â”€â”€â”€â”€â”€â”€â”€â”€â”€â”€â”€â”€â”€â”€â”€â”€â”€â”€â”€  
   FAILED  Tests\Feature\ContentGenerationApiTest > can list generated conteâ€¦   
  Expected response status code [200] but received 404.
Failed asserting that 404 is identical to 200.

  at tests/Feature/ContentGenerationApiTest.php:16
     12â–•     public function test_can_list_generated_content(): void
     13â–•     {
     14â–•         $response = $this->getJson('/api/v1/content');
     15â–• 
  âžœ  16â–•         $response->assertStatus(200)
     17â–•             ->assertJsonStructure([
     18â–•                 'data' => [
     19â–•                     '*' => ['id', 'title', 'type', 'status']
     20â–•                 ]

  â”€â”€â”€â”€â”€â”€â”€â”€â”€â”€â”€â”€â”€â”€â”€â”€â”€â”€â”€â”€â”€â”€â”€â”€â”€â”€â”€â”€â”€â”€â”€â”€â”€â”€â”€â”€â”€â”€â”€â”€â”€â”€â”€â”€â”€â”€â”€â”€â”€â”€â”€â”€â”€â”€â”€â”€â”€â”€â”€â”€â”€â”€â”€â”€â”€â”€â”€â”€â”€â”€â”€â”€â”€â”€â”€â”€  
   FAILED  Tests\Feature\ContentGenerationApiTest > can generate content        
  Failed asserting that an array contains 404.

  at tests/Feature/ContentGenerationApiTest.php:36
     32â–• 
     33â–•         $response = $this->postJson('/api/v1/content/generate', $data);
     34â–• 
     35â–•         // May return 201 or 202 (accepted) depending on implementation
  âžœ  36â–•         $this->assertContains($response->status(), [201, 202, 200]);
     37â–•     }
     38â–• 
     39â–•     public function test_can_generate_content_from_campaign(): void
     40â–•     {

  1   tests/Feature/ContentGenerationApiTest.php:36

  â”€â”€â”€â”€â”€â”€â”€â”€â”€â”€â”€â”€â”€â”€â”€â”€â”€â”€â”€â”€â”€â”€â”€â”€â”€â”€â”€â”€â”€â”€â”€â”€â”€â”€â”€â”€â”€â”€â”€â”€â”€â”€â”€â”€â”€â”€â”€â”€â”€â”€â”€â”€â”€â”€â”€â”€â”€â”€â”€â”€â”€â”€â”€â”€â”€â”€â”€â”€â”€â”€â”€â”€â”€â”€â”€â”€  
   FAILED  Tests\Feature\ContentGenerationApiTest > can generate content froâ€¦   
  Failed asserting that an array contains 404.

  at tests/Feature/ContentGenerationApiTest.php:49
     45â–•         ];
     46â–• 
     47â–•         $response = $this->postJson('/api/v1/content/generate-from-campaign', $data);
     48â–• 
  âžœ  49â–•         $this->assertContains($response->status(), [201, 202, 200]);
     50â–•     }
     51â–• 
     52â–•     public function test_can_list_content_templates(): void
     53â–•     {

  1   tests/Feature/ContentGenerationApiTest.php:49

  â”€â”€â”€â”€â”€â”€â”€â”€â”€â”€â”€â”€â”€â”€â”€â”€â”€â”€â”€â”€â”€â”€â”€â”€â”€â”€â”€â”€â”€â”€â”€â”€â”€â”€â”€â”€â”€â”€â”€â”€â”€â”€â”€â”€â”€â”€â”€â”€â”€â”€â”€â”€â”€â”€â”€â”€â”€â”€â”€â”€â”€â”€â”€â”€â”€â”€â”€â”€â”€â”€â”€â”€â”€â”€â”€â”€  
   FAILED  Tests\Feature\ContentGenerationApiTest > can list content templatâ€¦   
  Expected response status code [200] but received 404.
Failed asserting that 404 is identical to 200.

  at tests/Feature/ContentGenerationApiTest.php:56
     52â–•     public function test_can_list_content_templates(): void
     53â–•     {
     54â–•         $response = $this->getJson('/api/v1/content/templates');
     55â–• 
  âžœ  56â–•         $response->assertStatus(200)
     57â–•             ->assertJsonStructure([
     58â–•                 'data' => [
     59â–•                     '*' => ['id', 'name', 'type']
     60â–•                 ]

  â”€â”€â”€â”€â”€â”€â”€â”€â”€â”€â”€â”€â”€â”€â”€â”€â”€â”€â”€â”€â”€â”€â”€â”€â”€â”€â”€â”€â”€â”€â”€â”€â”€â”€â”€â”€â”€â”€â”€â”€â”€â”€â”€â”€â”€â”€â”€â”€â”€â”€â”€â”€â”€â”€â”€â”€â”€â”€â”€â”€â”€â”€â”€â”€â”€â”€â”€â”€â”€â”€â”€â”€â”€â”€â”€â”€  
   FAILED  Tests\Feature\ContentGenerationApiTest > can create content templâ€¦   
  Expected response status code [201] but received 404.
Failed asserting that 404 is identical to 201.

  at tests/Feature/ContentGenerationApiTest.php:75
     71â–•         ];
     72â–• 
     73â–•         $response = $this->postJson('/api/v1/content/templates', $data);
     74â–• 
  âžœ  75â–•         $response->assertStatus(201)
     76â–•             ->assertJsonStructure(['data' => ['id', 'name']]);
     77â–•     }
     78â–• 
     79â–•     public function test_can_show_generated_content(): void

  â”€â”€â”€â”€â”€â”€â”€â”€â”€â”€â”€â”€â”€â”€â”€â”€â”€â”€â”€â”€â”€â”€â”€â”€â”€â”€â”€â”€â”€â”€â”€â”€â”€â”€â”€â”€â”€â”€â”€â”€â”€â”€â”€â”€â”€â”€â”€â”€â”€â”€â”€â”€â”€â”€â”€â”€â”€â”€â”€â”€â”€â”€â”€â”€â”€â”€â”€â”€â”€â”€â”€â”€â”€â”€â”€â”€  
   FAILED  Tests\Feature\ContentGenerationApiTest > can show generated conteâ€¦   
  Expected response status code [200] but received 404.
Failed asserting that 404 is identical to 200.

  at tests/Feature/ContentGenerationApiTest.php:85
     81â–•         $contentId = 'test-content-id';
     82â–• 
     83â–•         $response = $this->getJson("/api/v1/content/{$contentId}");
     84â–• 
  âžœ  85â–•         $response->assertStatus(200)
     86â–•             ->assertJsonStructure(['data']);
     87â–•     }
     88â–• 
     89â–•     public function test_can_update_content_status(): void

  â”€â”€â”€â”€â”€â”€â”€â”€â”€â”€â”€â”€â”€â”€â”€â”€â”€â”€â”€â”€â”€â”€â”€â”€â”€â”€â”€â”€â”€â”€â”€â”€â”€â”€â”€â”€â”€â”€â”€â”€â”€â”€â”€â”€â”€â”€â”€â”€â”€â”€â”€â”€â”€â”€â”€â”€â”€â”€â”€â”€â”€â”€â”€â”€â”€â”€â”€â”€â”€â”€â”€â”€â”€â”€â”€â”€  
   FAILED  Tests\Feature\ContentGenerationApiTest > can update content statuâ€¦   
  Expected response status code [200] but received 404.
Failed asserting that 404 is identical to 200.

  at tests/Feature/ContentGenerationApiTest.php:99
     95â–•         ];
     96â–• 
     97â–•         $response = $this->postJson("/api/v1/content/{$contentId}/status", $data);
     98â–• 
  âžœ  99â–•         $response->assertStatus(200)
    100â–•             ->assertJsonStructure(['data', 'message']);
    101â–•     }
    102â–• }
    103â–•

  â”€â”€â”€â”€â”€â”€â”€â”€â”€â”€â”€â”€â”€â”€â”€â”€â”€â”€â”€â”€â”€â”€â”€â”€â”€â”€â”€â”€â”€â”€â”€â”€â”€â”€â”€â”€â”€â”€â”€â”€â”€â”€â”€â”€â”€â”€â”€â”€â”€â”€â”€â”€â”€â”€â”€â”€â”€â”€â”€â”€â”€â”€â”€â”€â”€â”€â”€â”€â”€â”€â”€â”€â”€â”€â”€â”€  
   FAILED  Tests\Feature\ConversationApiTest > it can create a conversation     
  Expected response status code [201] but received 404.
Failed asserting that 404 is identical to 201.

  at tests/Feature/ConversationApiTest.php:54
     50â–•         ];
     51â–• 
     52â–•         $response = $this->postJson('/api/v1/conversations', $conversationData, $this->getHeaders());
     53â–• 
  âžœ  54â–•         $response->assertStatus(201)
     55â–•             ->assertJsonStructure([
     56â–•                 'data' => ['id', 'session_id', 'customer_id', 'entry_point'],
     57â–•                 'message'
     58â–•             ]);

  â”€â”€â”€â”€â”€â”€â”€â”€â”€â”€â”€â”€â”€â”€â”€â”€â”€â”€â”€â”€â”€â”€â”€â”€â”€â”€â”€â”€â”€â”€â”€â”€â”€â”€â”€â”€â”€â”€â”€â”€â”€â”€â”€â”€â”€â”€â”€â”€â”€â”€â”€â”€â”€â”€â”€â”€â”€â”€â”€â”€â”€â”€â”€â”€â”€â”€â”€â”€â”€â”€â”€â”€â”€â”€â”€â”€  
   FAILED  Tests\Feature\ConversationApiTest > it can list conversations        
  Expected response status code [200] but received 404.
Failed asserting that 404 is identical to 200.

  at tests/Feature/ConversationApiTest.php:87
     83â–•         ]);
     84â–• 
     85â–•         $response = $this->getJson('/api/v1/conversations', $this->getHeaders());
     86â–• 
  âžœ  87â–•         $response->assertStatus(200)
     88â–•             ->assertJsonStructure([
     89â–•                 'data' => [
     90â–•                     '*' => ['id', 'session_id', 'customer_id', 'started_at']
     91â–•                 ],

  â”€â”€â”€â”€â”€â”€â”€â”€â”€â”€â”€â”€â”€â”€â”€â”€â”€â”€â”€â”€â”€â”€â”€â”€â”€â”€â”€â”€â”€â”€â”€â”€â”€â”€â”€â”€â”€â”€â”€â”€â”€â”€â”€â”€â”€â”€â”€â”€â”€â”€â”€â”€â”€â”€â”€â”€â”€â”€â”€â”€â”€â”€â”€â”€â”€â”€â”€â”€â”€â”€â”€â”€â”€â”€â”€â”€  
   FAILED  Tests\Feature\ConversationApiTest > it can show a conversation       
  Expected response status code [200] but received 404.
Failed asserting that 404 is identical to 200.

  at tests/Feature/ConversationApiTest.php:112
    108â–•         ]);
    109â–• 
    110â–•         $response = $this->getJson("/api/v1/conversations/{$conversation->id}", $this->getHeaders());
    111â–• 
  âžœ 112â–•         $response->assertStatus(200)
    113â–•             ->assertJson([
    114â–•                 'data' => [
    115â–•                     'id' => $conversation->id,
    116â–•                     'customer_id' => $this->customer->id,

  â”€â”€â”€â”€â”€â”€â”€â”€â”€â”€â”€â”€â”€â”€â”€â”€â”€â”€â”€â”€â”€â”€â”€â”€â”€â”€â”€â”€â”€â”€â”€â”€â”€â”€â”€â”€â”€â”€â”€â”€â”€â”€â”€â”€â”€â”€â”€â”€â”€â”€â”€â”€â”€â”€â”€â”€â”€â”€â”€â”€â”€â”€â”€â”€â”€â”€â”€â”€â”€â”€â”€â”€â”€â”€â”€â”€  
   FAILED  Tests\Feature\ConversationApiTest > it can update a conversation     
  Expected response status code [200] but received 404.
Failed asserting that 404 is identical to 200.

  at tests/Feature/ConversationApiTest.php:140
    136â–•         ];
    137â–• 
    138â–•         $response = $this->putJson("/api/v1/conversations/{$conversation->id}", $updateData, $this->getHeaders());
    139â–• 
  âžœ 140â–•         $response->assertStatus(200)
    141â–•             ->assertJson([
    142â–•                 'data' => [
    143â–•                     'outcome' => 'signup',
    144â–•                     'outcome_details' => 'Customer signed up for premium',

  â”€â”€â”€â”€â”€â”€â”€â”€â”€â”€â”€â”€â”€â”€â”€â”€â”€â”€â”€â”€â”€â”€â”€â”€â”€â”€â”€â”€â”€â”€â”€â”€â”€â”€â”€â”€â”€â”€â”€â”€â”€â”€â”€â”€â”€â”€â”€â”€â”€â”€â”€â”€â”€â”€â”€â”€â”€â”€â”€â”€â”€â”€â”€â”€â”€â”€â”€â”€â”€â”€â”€â”€â”€â”€â”€â”€  
   FAILED  Tests\Feature\ConversationApiTest > it can end a conversation        
  Expected response status code [200] but received 404.
Failed asserting that 404 is identical to 200.

  at tests/Feature/ConversationApiTest.php:163
    159â–•         ]);
    160â–• 
    161â–•         $response = $this->postJson("/api/v1/conversations/{$conversation->id}/end", [], $this->getHeaders());
    162â–• 
  âžœ 163â–•         $response->assertStatus(200)
    164â–•             ->assertJsonStructure([
    165â–•                 'data' => ['id', 'ended_at', 'duration_seconds'],
    166â–•                 'message'
    167â–•             ]);

  â”€â”€â”€â”€â”€â”€â”€â”€â”€â”€â”€â”€â”€â”€â”€â”€â”€â”€â”€â”€â”€â”€â”€â”€â”€â”€â”€â”€â”€â”€â”€â”€â”€â”€â”€â”€â”€â”€â”€â”€â”€â”€â”€â”€â”€â”€â”€â”€â”€â”€â”€â”€â”€â”€â”€â”€â”€â”€â”€â”€â”€â”€â”€â”€â”€â”€â”€â”€â”€â”€â”€â”€â”€â”€â”€â”€  
   FAILED  Tests\Feature\ConversationApiTest > it can add message to conversâ€¦   
  Expected response status code [201] but received 404.
Failed asserting that 404 is identical to 201.

  at tests/Feature/ConversationApiTest.php:196
    192â–•             $messageData,
    193â–•             $this->getHeaders()
    194â–•         );
    195â–• 
  âžœ 196â–•         $response->assertStatus(201)
    197â–•             ->assertJsonStructure([
    198â–•                 'data' => ['id', 'role', 'content', 'timestamp'],
    199â–•                 'message'
    200â–•             ]);

  â”€â”€â”€â”€â”€â”€â”€â”€â”€â”€â”€â”€â”€â”€â”€â”€â”€â”€â”€â”€â”€â”€â”€â”€â”€â”€â”€â”€â”€â”€â”€â”€â”€â”€â”€â”€â”€â”€â”€â”€â”€â”€â”€â”€â”€â”€â”€â”€â”€â”€â”€â”€â”€â”€â”€â”€â”€â”€â”€â”€â”€â”€â”€â”€â”€â”€â”€â”€â”€â”€â”€â”€â”€â”€â”€â”€  
   FAILED  Tests\Feature\ConversationApiTest > it can list câ€¦  QueryException   
  SQLSTATE[HY000]: General error: 1 table conversation_messages has no column named updated_at (Connection: sqlite, SQL: insert into "conversation_messages" ("conversation_id", "role", "content", "id", "timestamp", "updated_at", "created_at") values (75f41a45-de63-449e-b7ed-60b545e59b1c, user, Message 1, 4495c4da-293b-43ba-bc9e-25ae5d5ce8f9, 2026-01-10 22:01:21, 2026-01-10 22:01:21, 2026-01-10 22:01:21))

  at vendor/laravel/framework/src/Illuminate/Database/Connection.php:826
    822â–•                     $this->getName(), $query, $this->prepareBindings($bindings), $e
    823â–•                 );
    824â–•             }
    825â–• 
  âžœ 826â–•             throw new QueryException(
    827â–•                 $this->getName(), $query, $this->prepareBindings($bindings), $e
    828â–•             );
    829â–•         }
    830â–•     }

      [2m+17 vendor frames [22m
  18  tests/Feature/ConversationApiTest.php:223

  â”€â”€â”€â”€â”€â”€â”€â”€â”€â”€â”€â”€â”€â”€â”€â”€â”€â”€â”€â”€â”€â”€â”€â”€â”€â”€â”€â”€â”€â”€â”€â”€â”€â”€â”€â”€â”€â”€â”€â”€â”€â”€â”€â”€â”€â”€â”€â”€â”€â”€â”€â”€â”€â”€â”€â”€â”€â”€â”€â”€â”€â”€â”€â”€â”€â”€â”€â”€â”€â”€â”€â”€â”€â”€â”€â”€  
   FAILED  Tests\Feature\CrmAdvancedAnalyticsApiTest > can get customer engaâ€¦   
  Expected response status code [200] but received 404.
Failed asserting that 404 is identical to 200.

  at tests/Feature/CrmAdvancedAnalyticsApiTest.php:19
     15â–•         $customer = Customer::factory()->create();
     16â–• 
     17â–•         $response = $this->getJson("/api/v1/crm/customers/{$customer->id}/engagement-score");
     18â–• 
  âžœ  19â–•         $response->assertStatus(200)
     20â–•             ->assertJsonStructure([
     21â–•                 'data' => [
     22â–•                     'customer_id',
     23â–•                     'engagement_score',

  â”€â”€â”€â”€â”€â”€â”€â”€â”€â”€â”€â”€â”€â”€â”€â”€â”€â”€â”€â”€â”€â”€â”€â”€â”€â”€â”€â”€â”€â”€â”€â”€â”€â”€â”€â”€â”€â”€â”€â”€â”€â”€â”€â”€â”€â”€â”€â”€â”€â”€â”€â”€â”€â”€â”€â”€â”€â”€â”€â”€â”€â”€â”€â”€â”€â”€â”€â”€â”€â”€â”€â”€â”€â”€â”€â”€  
   FAILED  Tests\Feature\CrmAdvancedAnalyticsApiTest > can get campaign roi     
  Expected response status code [200] but received 404.
Failed asserting that 404 is identical to 200.

  at tests/Feature/CrmAdvancedAnalyticsApiTest.php:36
     32â–•         $campaignId = 'test-campaign-id';
     33â–• 
     34â–•         $response = $this->getJson("/api/v1/crm/campaigns/{$campaignId}/roi");
     35â–• 
  âžœ  36â–•         $response->assertStatus(200)
     37â–•             ->assertJsonStructure([
     38â–•                 'data' => [
     39â–•                     'campaign_id',
     40â–•                     'roi',

  â”€â”€â”€â”€â”€â”€â”€â”€â”€â”€â”€â”€â”€â”€â”€â”€â”€â”€â”€â”€â”€â”€â”€â”€â”€â”€â”€â”€â”€â”€â”€â”€â”€â”€â”€â”€â”€â”€â”€â”€â”€â”€â”€â”€â”€â”€â”€â”€â”€â”€â”€â”€â”€â”€â”€â”€â”€â”€â”€â”€â”€â”€â”€â”€â”€â”€â”€â”€â”€â”€â”€â”€â”€â”€â”€â”€  
   FAILED  Tests\Feature\CrmAdvancedAnalyticsApiTest > can get predictive scâ€¦   
  Expected response status code [200] but received 404.
Failed asserting that 404 is identical to 200.

  at tests/Feature/CrmAdvancedAnalyticsApiTest.php:54
     50â–•         $customer = Customer::factory()->create();
     51â–• 
     52â–•         $response = $this->getJson("/api/v1/crm/customers/{$customer->id}/predictive-score");
     53â–• 
  âžœ  54â–•         $response->assertStatus(200)
     55â–•             ->assertJsonStructure([
     56â–•                 'data' => [
     57â–•                     'customer_id',
     58â–•                     'predictive_score',

  â”€â”€â”€â”€â”€â”€â”€â”€â”€â”€â”€â”€â”€â”€â”€â”€â”€â”€â”€â”€â”€â”€â”€â”€â”€â”€â”€â”€â”€â”€â”€â”€â”€â”€â”€â”€â”€â”€â”€â”€â”€â”€â”€â”€â”€â”€â”€â”€â”€â”€â”€â”€â”€â”€â”€â”€â”€â”€â”€â”€â”€â”€â”€â”€â”€â”€â”€â”€â”€â”€â”€â”€â”€â”€â”€â”€  
   FAILED  Tests\Feature\CrmAnalyticsApiTest > can get interest analytics       
  Expected response status code [200] but received 404.
Failed asserting that 404 is identical to 200.

  at tests/Feature/CrmAnalyticsApiTest.php:16
     12â–•     public function test_can_get_interest_analytics(): void
     13â–•     {
     14â–•         $response = $this->getJson('/api/v1/crm/analytics/interest?start_date=2024-01-01&end_date=2024-12-31');
     15â–• 
  âžœ  16â–•         $response->assertStatus(200)
     17â–•             ->assertJsonStructure([
     18â–•                 'data' => [
     19â–•                     'total_interests',
     20â–•                     'top_interests',

  â”€â”€â”€â”€â”€â”€â”€â”€â”€â”€â”€â”€â”€â”€â”€â”€â”€â”€â”€â”€â”€â”€â”€â”€â”€â”€â”€â”€â”€â”€â”€â”€â”€â”€â”€â”€â”€â”€â”€â”€â”€â”€â”€â”€â”€â”€â”€â”€â”€â”€â”€â”€â”€â”€â”€â”€â”€â”€â”€â”€â”€â”€â”€â”€â”€â”€â”€â”€â”€â”€â”€â”€â”€â”€â”€â”€  
   FAILED  Tests\Feature\CrmAnalyticsApiTest > can get purchase analytics       
  Expected response status code [200] but received 404.
Failed asserting that 404 is identical to 200.

  at tests/Feature/CrmAnalyticsApiTest.php:30
     26â–•     public function test_can_get_purchase_analytics(): void
     27â–•     {
     28â–•         $response = $this->getJson('/api/v1/crm/analytics/purchases?start_date=2024-01-01&end_date=2024-12-31');
     29â–• 
  âžœ  30â–•         $response->assertStatus(200)
     31â–•             ->assertJsonStructure([
     32â–•                 'data' => [
     33â–•                     'total_purchases',
     34â–•                     'revenue',

  â”€â”€â”€â”€â”€â”€â”€â”€â”€â”€â”€â”€â”€â”€â”€â”€â”€â”€â”€â”€â”€â”€â”€â”€â”€â”€â”€â”€â”€â”€â”€â”€â”€â”€â”€â”€â”€â”€â”€â”€â”€â”€â”€â”€â”€â”€â”€â”€â”€â”€â”€â”€â”€â”€â”€â”€â”€â”€â”€â”€â”€â”€â”€â”€â”€â”€â”€â”€â”€â”€â”€â”€â”€â”€â”€â”€  
   FAILED  Tests\Feature\CrmAnalyticsApiTest > can get learning analytics       
  Expected response status code [200] but received 404.
Failed asserting that 404 is identical to 200.

  at tests/Feature/CrmAnalyticsApiTest.php:45
     41â–•     public function test_can_get_learning_analytics(): void
     42â–•     {
     43â–•         $response = $this->getJson('/api/v1/crm/analytics/learning?start_date=2024-01-01&end_date=2024-12-31');
     44â–• 
  âžœ  45â–•         $response->assertStatus(200)
     46â–•             ->assertJsonStructure([
     47â–•                 'data' => [
     48â–•                     'total_learning_activities',
     49â–•                     'completion_rate',

  â”€â”€â”€â”€â”€â”€â”€â”€â”€â”€â”€â”€â”€â”€â”€â”€â”€â”€â”€â”€â”€â”€â”€â”€â”€â”€â”€â”€â”€â”€â”€â”€â”€â”€â”€â”€â”€â”€â”€â”€â”€â”€â”€â”€â”€â”€â”€â”€â”€â”€â”€â”€â”€â”€â”€â”€â”€â”€â”€â”€â”€â”€â”€â”€â”€â”€â”€â”€â”€â”€â”€â”€â”€â”€â”€â”€  
   FAILED  Tests\Feature\CrmAnalyticsApiTest > can get campaign performance     
  Expected response status code [200] but received 404.
Failed asserting that 404 is identical to 200.

  at tests/Feature/CrmAnalyticsApiTest.php:59
     55â–•     public function test_can_get_campaign_performance(): void
     56â–•     {
     57â–•         $response = $this->getJson('/api/v1/crm/analytics/campaign-performance?start_date=2024-01-01&end_date=2024-12-31');
     58â–• 
  âžœ  59â–•         $response->assertStatus(200)
     60â–•             ->assertJsonStructure([
     61â–•                 'data' => [
     62â–•                     'total_campaigns',
     63â–•                     'performance_metrics',

  â”€â”€â”€â”€â”€â”€â”€â”€â”€â”€â”€â”€â”€â”€â”€â”€â”€â”€â”€â”€â”€â”€â”€â”€â”€â”€â”€â”€â”€â”€â”€â”€â”€â”€â”€â”€â”€â”€â”€â”€â”€â”€â”€â”€â”€â”€â”€â”€â”€â”€â”€â”€â”€â”€â”€â”€â”€â”€â”€â”€â”€â”€â”€â”€â”€â”€â”€â”€â”€â”€â”€â”€â”€â”€â”€â”€  
   FAILED  Tests\Feature\CrmDashboardApiTest > can get dashboard analytics      
  Expected response status code [200] but received 404.
Failed asserting that 404 is identical to 200.

  at tests/Feature/CrmDashboardApiTest.php:16
     12â–•     public function test_can_get_dashboard_analytics(): void
     13â–•     {
     14â–•         $response = $this->getJson('/api/v1/crm/dashboard/analytics');
     15â–• 
  âžœ  16â–•         $response->assertStatus(200)
     17â–•             ->assertJsonStructure([
     18â–•                 'data' => [
     19â–•                     'total_customers',
     20â–•                     'active_campaigns',

  â”€â”€â”€â”€â”€â”€â”€â”€â”€â”€â”€â”€â”€â”€â”€â”€â”€â”€â”€â”€â”€â”€â”€â”€â”€â”€â”€â”€â”€â”€â”€â”€â”€â”€â”€â”€â”€â”€â”€â”€â”€â”€â”€â”€â”€â”€â”€â”€â”€â”€â”€â”€â”€â”€â”€â”€â”€â”€â”€â”€â”€â”€â”€â”€â”€â”€â”€â”€â”€â”€â”€â”€â”€â”€â”€â”€  
   FAILED  Tests\Feature\CustomerApiTest > it can list customers                
  Expected response status code [200] but received 404.
Failed asserting that 404 is identical to 200.

  at tests/Feature/CustomerApiTest.php:66
     62â–•         ]);
     63â–• 
     64â–•         $response = $this->getJson('/api/v1/customers', $this->getHeaders());
     65â–• 
  âžœ  66â–•         $response->assertStatus(200)
     67â–•             ->assertJsonStructure([
     68â–•                 'data' => [
     69â–•                     '*' => ['id', 'business_name', 'slug', 'tenant_id']
     70â–•                 ],

  â”€â”€â”€â”€â”€â”€â”€â”€â”€â”€â”€â”€â”€â”€â”€â”€â”€â”€â”€â”€â”€â”€â”€â”€â”€â”€â”€â”€â”€â”€â”€â”€â”€â”€â”€â”€â”€â”€â”€â”€â”€â”€â”€â”€â”€â”€â”€â”€â”€â”€â”€â”€â”€â”€â”€â”€â”€â”€â”€â”€â”€â”€â”€â”€â”€â”€â”€â”€â”€â”€â”€â”€â”€â”€â”€â”€  
   FAILED  Tests\Feature\CustomerApiTest > it can create a customer             
  Expected response status code [201] but received 404.
Failed asserting that 404 is identical to 201.

  at tests/Feature/CustomerApiTest.php:95
     91â–•         ];
     92â–• 
     93â–•         $response = $this->postJson('/api/v1/customers', $customerData, $this->getHeaders());
     94â–• 
  âžœ  95â–•         $response->assertStatus(201)
     96â–•             ->assertJsonStructure([
     97â–•                 'data' => ['id', 'business_name', 'slug', 'email'],
     98â–•                 'message'
     99â–•             ]);

  â”€â”€â”€â”€â”€â”€â”€â”€â”€â”€â”€â”€â”€â”€â”€â”€â”€â”€â”€â”€â”€â”€â”€â”€â”€â”€â”€â”€â”€â”€â”€â”€â”€â”€â”€â”€â”€â”€â”€â”€â”€â”€â”€â”€â”€â”€â”€â”€â”€â”€â”€â”€â”€â”€â”€â”€â”€â”€â”€â”€â”€â”€â”€â”€â”€â”€â”€â”€â”€â”€â”€â”€â”€â”€â”€â”€  
   FAILED  Tests\Feature\CustomerApiTest > it validates required fields whenâ€¦   
  Expected response status code [422] but received 404.
Failed asserting that 404 is identical to 422.

  at tests/Feature/CustomerApiTest.php:113
    109â–•     public function it_validates_required_fields_when_creating_customer(): void
    110â–•     {
    111â–•         $response = $this->postJson('/api/v1/customers', [], $this->getHeaders());
    112â–• 
  âžœ 113â–•         $response->assertStatus(422)
    114â–•             ->assertJsonValidationErrors(['business_name']);
    115â–•     }
    116â–• 
    117â–•     /** @test */

  â”€â”€â”€â”€â”€â”€â”€â”€â”€â”€â”€â”€â”€â”€â”€â”€â”€â”€â”€â”€â”€â”€â”€â”€â”€â”€â”€â”€â”€â”€â”€â”€â”€â”€â”€â”€â”€â”€â”€â”€â”€â”€â”€â”€â”€â”€â”€â”€â”€â”€â”€â”€â”€â”€â”€â”€â”€â”€â”€â”€â”€â”€â”€â”€â”€â”€â”€â”€â”€â”€â”€â”€â”€â”€â”€â”€  
   FAILED  Tests\Feature\CustomerApiTest > it can show a customer               
  Expected response status code [200] but received 404.
Failed asserting that 404 is identical to 200.

  at tests/Feature/CustomerApiTest.php:130
    126â–•         ]);
    127â–• 
    128â–•         $response = $this->getJson("/api/v1/customers/{$customer->id}", $this->getHeaders());
    129â–• 
  âžœ 130â–•         $response->assertStatus(200)
    131â–•             ->assertJson([
    132â–•                 'data' => [
    133â–•                     'id' => $customer->id,
    134â–•                     'business_name' => 'Test Customer',

  â”€â”€â”€â”€â”€â”€â”€â”€â”€â”€â”€â”€â”€â”€â”€â”€â”€â”€â”€â”€â”€â”€â”€â”€â”€â”€â”€â”€â”€â”€â”€â”€â”€â”€â”€â”€â”€â”€â”€â”€â”€â”€â”€â”€â”€â”€â”€â”€â”€â”€â”€â”€â”€â”€â”€â”€â”€â”€â”€â”€â”€â”€â”€â”€â”€â”€â”€â”€â”€â”€â”€â”€â”€â”€â”€â”€  
   FAILED  Tests\Feature\CustomerApiTest > it can show customer by slug         
  Expected response status code [200] but received 404.
Failed asserting that 404 is identical to 200.

  at tests/Feature/CustomerApiTest.php:152
    148â–•         ]);
    149â–• 
    150â–•         $response = $this->getJson('/api/v1/customers/slug/test-business-123', $this->getHeaders());
    151â–• 
  âžœ 152â–•         $response->assertStatus(200)
    153â–•             ->assertJson([
    154â–•                 'data' => [
    155â–•                     'id' => $customer->id,
    156â–•                     'slug' => 'test-business-123',

  â”€â”€â”€â”€â”€â”€â”€â”€â”€â”€â”€â”€â”€â”€â”€â”€â”€â”€â”€â”€â”€â”€â”€â”€â”€â”€â”€â”€â”€â”€â”€â”€â”€â”€â”€â”€â”€â”€â”€â”€â”€â”€â”€â”€â”€â”€â”€â”€â”€â”€â”€â”€â”€â”€â”€â”€â”€â”€â”€â”€â”€â”€â”€â”€â”€â”€â”€â”€â”€â”€â”€â”€â”€â”€â”€â”€  
   FAILED  Tests\Feature\CustomerApiTest > it can update a customer             
  Expected response status code [200] but received 404.
Failed asserting that 404 is identical to 200.

  at tests/Feature/CustomerApiTest.php:179
    175â–•         ];
    176â–• 
    177â–•         $response = $this->putJson("/api/v1/customers/{$customer->id}", $updateData, $this->getHeaders());
    178â–• 
  âžœ 179â–•         $response->assertStatus(200)
    180â–•             ->assertJson([
    181â–•                 'data' => [
    182â–•                     'business_name' => 'Updated Name',
    183â–•                     'email' => 'updated@example.com',

  â”€â”€â”€â”€â”€â”€â”€â”€â”€â”€â”€â”€â”€â”€â”€â”€â”€â”€â”€â”€â”€â”€â”€â”€â”€â”€â”€â”€â”€â”€â”€â”€â”€â”€â”€â”€â”€â”€â”€â”€â”€â”€â”€â”€â”€â”€â”€â”€â”€â”€â”€â”€â”€â”€â”€â”€â”€â”€â”€â”€â”€â”€â”€â”€â”€â”€â”€â”€â”€â”€â”€â”€â”€â”€â”€â”€  
   FAILED  Tests\Feature\CustomerApiTest > it can update business context       
  Expected response status code [200] but received 404.
Failed asserting that 404 is identical to 200.

  at tests/Feature/CustomerApiTest.php:218
    214â–•             $contextData,
    215â–•             $this->getHeaders()
    216â–•         );
    217â–• 
  âžœ 218â–•         $response->assertStatus(200)
    219â–•             ->assertJson([
    220â–•                 'data' => [
    221â–•                     'business_description' => 'A great pizza place',
    222â–•                     'industry_category' => 'restaurant',

  â”€â”€â”€â”€â”€â”€â”€â”€â”€â”€â”€â”€â”€â”€â”€â”€â”€â”€â”€â”€â”€â”€â”€â”€â”€â”€â”€â”€â”€â”€â”€â”€â”€â”€â”€â”€â”€â”€â”€â”€â”€â”€â”€â”€â”€â”€â”€â”€â”€â”€â”€â”€â”€â”€â”€â”€â”€â”€â”€â”€â”€â”€â”€â”€â”€â”€â”€â”€â”€â”€â”€â”€â”€â”€â”€â”€  
   FAILED  Tests\Feature\CustomerApiTest > it can get ai context                
  Expected response status code [200] but received 404.
Failed asserting that 404 is identical to 200.

  at tests/Feature/CustomerApiTest.php:245
    241â–•         ]);
    242â–• 
    243â–•         $response = $this->getJson("/api/v1/customers/{$customer->id}/ai-context", $this->getHeaders());
    244â–• 
  âžœ 245â–•         $response->assertStatus(200)
    246â–•             ->assertJsonStructure([
    247â–•                 'data' => [
    248â–•                     'customer_id',
    249â–•                     'business_name',

  â”€â”€â”€â”€â”€â”€â”€â”€â”€â”€â”€â”€â”€â”€â”€â”€â”€â”€â”€â”€â”€â”€â”€â”€â”€â”€â”€â”€â”€â”€â”€â”€â”€â”€â”€â”€â”€â”€â”€â”€â”€â”€â”€â”€â”€â”€â”€â”€â”€â”€â”€â”€â”€â”€â”€â”€â”€â”€â”€â”€â”€â”€â”€â”€â”€â”€â”€â”€â”€â”€â”€â”€â”€â”€â”€â”€  
   FAILED  Tests\Feature\CustomerApiTest > it can delete a customer             
  Expected response status code [200] but received 404.
Failed asserting that 404 is identical to 200.

  at tests/Feature/CustomerApiTest.php:281
    277â–•         ]);
    278â–• 
    279â–•         $response = $this->deleteJson("/api/v1/customers/{$customer->id}", [], $this->getHeaders());
    280â–• 
  âžœ 281â–•         $response->assertStatus(200)
    282â–•             ->assertJson(['message' => 'Customer deleted successfully']);
    283â–• 
    284â–•         $this->assertDatabaseMissing('customers', ['id' => $customer->id]);
    285â–•     }

  â”€â”€â”€â”€â”€â”€â”€â”€â”€â”€â”€â”€â”€â”€â”€â”€â”€â”€â”€â”€â”€â”€â”€â”€â”€â”€â”€â”€â”€â”€â”€â”€â”€â”€â”€â”€â”€â”€â”€â”€â”€â”€â”€â”€â”€â”€â”€â”€â”€â”€â”€â”€â”€â”€â”€â”€â”€â”€â”€â”€â”€â”€â”€â”€â”€â”€â”€â”€â”€â”€â”€â”€â”€â”€â”€â”€  
   FAILED  Tests\Feature\EmailCampaignApiTest > can list email campaigns        
  Expected response status code [200] but received 404.
Failed asserting that 404 is identical to 200.

  at tests/Feature/EmailCampaignApiTest.php:16
     12â–•     public function test_can_list_email_campaigns(): void
     13â–•     {
     14â–•         $response = $this->getJson('/api/v1/outbound/email/campaigns');
     15â–• 
  âžœ  16â–•         $response->assertStatus(200)
     17â–•             ->assertJsonStructure([
     18â–•                 'data' => [
     19â–•                     '*' => ['id', 'subject', 'status', 'sent_count']
     20â–•                 ]

  â”€â”€â”€â”€â”€â”€â”€â”€â”€â”€â”€â”€â”€â”€â”€â”€â”€â”€â”€â”€â”€â”€â”€â”€â”€â”€â”€â”€â”€â”€â”€â”€â”€â”€â”€â”€â”€â”€â”€â”€â”€â”€â”€â”€â”€â”€â”€â”€â”€â”€â”€â”€â”€â”€â”€â”€â”€â”€â”€â”€â”€â”€â”€â”€â”€â”€â”€â”€â”€â”€â”€â”€â”€â”€â”€â”€  
   FAILED  Tests\Feature\EmailCampaignApiTest > can create email campaign       
  Expected response status code [201] but received 404.
Failed asserting that 404 is identical to 201.

  at tests/Feature/EmailCampaignApiTest.php:35
     31â–•         ];
     32â–• 
     33â–•         $response = $this->postJson('/api/v1/outbound/email/campaigns', $data);
     34â–• 
  âžœ  35â–•         $response->assertStatus(201)
     36â–•             ->assertJsonStructure(['data' => ['id', 'subject']]);
     37â–•     }
     38â–• 
     39â–•     public function test_can_list_email_templates(): void

  â”€â”€â”€â”€â”€â”€â”€â”€â”€â”€â”€â”€â”€â”€â”€â”€â”€â”€â”€â”€â”€â”€â”€â”€â”€â”€â”€â”€â”€â”€â”€â”€â”€â”€â”€â”€â”€â”€â”€â”€â”€â”€â”€â”€â”€â”€â”€â”€â”€â”€â”€â”€â”€â”€â”€â”€â”€â”€â”€â”€â”€â”€â”€â”€â”€â”€â”€â”€â”€â”€â”€â”€â”€â”€â”€â”€  
   FAILED  Tests\Feature\EmailCampaignApiTest > can list email templates        
  Expected response status code [200] but received 404.
Failed asserting that 404 is identical to 200.

  at tests/Feature/EmailCampaignApiTest.php:43
     39â–•     public function test_can_list_email_templates(): void
     40â–•     {
     41â–•         $response = $this->getJson('/api/v1/outbound/email/templates');
     42â–• 
  âžœ  43â–•         $response->assertStatus(200)
     44â–•             ->assertJsonStructure([
     45â–•                 'data' => [
     46â–•                     '*' => ['id', 'name', 'subject']
     47â–•                 ]

  â”€â”€â”€â”€â”€â”€â”€â”€â”€â”€â”€â”€â”€â”€â”€â”€â”€â”€â”€â”€â”€â”€â”€â”€â”€â”€â”€â”€â”€â”€â”€â”€â”€â”€â”€â”€â”€â”€â”€â”€â”€â”€â”€â”€â”€â”€â”€â”€â”€â”€â”€â”€â”€â”€â”€â”€â”€â”€â”€â”€â”€â”€â”€â”€â”€â”€â”€â”€â”€â”€â”€â”€â”€â”€â”€â”€  
   FAILED  Tests\Feature\EmailCampaignApiTest > can create email template       
  Expected response status code [201] but received 404.
Failed asserting that 404 is identical to 201.

  at tests/Feature/EmailCampaignApiTest.php:62
     58â–•         ];
     59â–• 
     60â–•         $response = $this->postJson('/api/v1/outbound/email/templates', $data);
     61â–• 
  âžœ  62â–•         $response->assertStatus(201)
     63â–•             ->assertJsonStructure(['data' => ['id', 'name']]);
     64â–•     }
     65â–• }
     66â–•

  â”€â”€â”€â”€â”€â”€â”€â”€â”€â”€â”€â”€â”€â”€â”€â”€â”€â”€â”€â”€â”€â”€â”€â”€â”€â”€â”€â”€â”€â”€â”€â”€â”€â”€â”€â”€â”€â”€â”€â”€â”€â”€â”€â”€â”€â”€â”€â”€â”€â”€â”€â”€â”€â”€â”€â”€â”€â”€â”€â”€â”€â”€â”€â”€â”€â”€â”€â”€â”€â”€â”€â”€â”€â”€â”€â”€  
   FAILED  Tests\Feature\KnowledgeApiTest > can list knowledge items            
  Expected response status code [200] but received 404.
Failed asserting that 404 is identical to 200.

  at tests/Feature/KnowledgeApiTest.php:26
     22â–•         Knowledge::factory()->count(3)->create();
     23â–• 
     24â–•         $response = $this->getJson('/api/v1/knowledge');
     25â–• 
  âžœ  26â–•         $response->assertStatus(200)
     27â–•             ->assertJsonStructure([
     28â–•                 'data' => [
     29â–•                     '*' => ['id', 'title', 'content', 'category_id', 'created_at']
     30â–•                 ]

  â”€â”€â”€â”€â”€â”€â”€â”€â”€â”€â”€â”€â”€â”€â”€â”€â”€â”€â”€â”€â”€â”€â”€â”€â”€â”€â”€â”€â”€â”€â”€â”€â”€â”€â”€â”€â”€â”€â”€â”€â”€â”€â”€â”€â”€â”€â”€â”€â”€â”€â”€â”€â”€â”€â”€â”€â”€â”€â”€â”€â”€â”€â”€â”€â”€â”€â”€â”€â”€â”€â”€â”€â”€â”€â”€â”€  
   FAILED  Tests\Feature\KnowledgeApiTest > can create knowledge item           
  Expected response status code [201] but received 404.
Failed asserting that 404 is identical to 201.

  at tests/Feature/KnowledgeApiTest.php:47
     43â–•         ];
     44â–• 
     45â–•         $response = $this->postJson('/api/v1/knowledge', $data);
     46â–• 
  âžœ  47â–•         $response->assertStatus(201)
     48â–•             ->assertJsonStructure(['data' => ['id', 'title', 'content']]);
     49â–• 
     50â–•         $this->assertDatabaseHas('knowledge_base', [
     51â–•             'title' => 'Test Knowledge',

  â”€â”€â”€â”€â”€â”€â”€â”€â”€â”€â”€â”€â”€â”€â”€â”€â”€â”€â”€â”€â”€â”€â”€â”€â”€â”€â”€â”€â”€â”€â”€â”€â”€â”€â”€â”€â”€â”€â”€â”€â”€â”€â”€â”€â”€â”€â”€â”€â”€â”€â”€â”€â”€â”€â”€â”€â”€â”€â”€â”€â”€â”€â”€â”€â”€â”€â”€â”€â”€â”€â”€â”€â”€â”€â”€â”€  
   FAILED  Tests\Feature\KnowledgeApiTest > can show knowledge item             
  Expected response status code [200] but received 404.
Failed asserting that 404 is identical to 200.

  at tests/Feature/KnowledgeApiTest.php:62
     58â–•         $knowledge = Knowledge::factory()->create();
     59â–• 
     60â–•         $response = $this->getJson("/api/v1/knowledge/{$knowledge->id}");
     61â–• 
  âžœ  62â–•         $response->assertStatus(200)
     63â–•             ->assertJson([
     64â–•                 'data' => [
     65â–•                     'id' => $knowledge->id,
     66â–•                     'title' => $knowledge->title,

  â”€â”€â”€â”€â”€â”€â”€â”€â”€â”€â”€â”€â”€â”€â”€â”€â”€â”€â”€â”€â”€â”€â”€â”€â”€â”€â”€â”€â”€â”€â”€â”€â”€â”€â”€â”€â”€â”€â”€â”€â”€â”€â”€â”€â”€â”€â”€â”€â”€â”€â”€â”€â”€â”€â”€â”€â”€â”€â”€â”€â”€â”€â”€â”€â”€â”€â”€â”€â”€â”€â”€â”€â”€â”€â”€â”€  
   FAILED  Tests\Feature\KnowledgeApiTest > can update knowledge item           
  Expected response status code [200] but received 404.
Failed asserting that 404 is identical to 200.

  at tests/Feature/KnowledgeApiTest.php:82
     78â–•         ];
     79â–• 
     80â–•         $response = $this->putJson("/api/v1/knowledge/{$knowledge->id}", $data);
     81â–• 
  âžœ  82â–•         $response->assertStatus(200)
     83â–•             ->assertJson([
     84â–•                 'data' => [
     85â–•                     'title' => 'Updated Title',
     86â–•                     'content' => 'Updated content',

  â”€â”€â”€â”€â”€â”€â”€â”€â”€â”€â”€â”€â”€â”€â”€â”€â”€â”€â”€â”€â”€â”€â”€â”€â”€â”€â”€â”€â”€â”€â”€â”€â”€â”€â”€â”€â”€â”€â”€â”€â”€â”€â”€â”€â”€â”€â”€â”€â”€â”€â”€â”€â”€â”€â”€â”€â”€â”€â”€â”€â”€â”€â”€â”€â”€â”€â”€â”€â”€â”€â”€â”€â”€â”€â”€â”€  
   FAILED  Tests\Feature\KnowledgeApiTest > can delete knowledge item           
  Expected response status code [204] but received 404.
Failed asserting that 404 is identical to 204.

  at tests/Feature/KnowledgeApiTest.php:102
     98â–•         $knowledge = Knowledge::factory()->create();
     99â–• 
    100â–•         $response = $this->deleteJson("/api/v1/knowledge/{$knowledge->id}");
    101â–• 
  âžœ 102â–•         $response->assertStatus(204);
    103â–• 
    104â–•         $this->assertDatabaseMissing('knowledge_base', [
    105â–•             'id' => $knowledge->id,
    106â–•         ]);

  â”€â”€â”€â”€â”€â”€â”€â”€â”€â”€â”€â”€â”€â”€â”€â”€â”€â”€â”€â”€â”€â”€â”€â”€â”€â”€â”€â”€â”€â”€â”€â”€â”€â”€â”€â”€â”€â”€â”€â”€â”€â”€â”€â”€â”€â”€â”€â”€â”€â”€â”€â”€â”€â”€â”€â”€â”€â”€â”€â”€â”€â”€â”€â”€â”€â”€â”€â”€â”€â”€â”€â”€â”€â”€â”€â”€  
   FAILED  Tests\Feature\KnowledgeApiTest > can vote on knowledge item          
  Expected response status code [200] but received 404.
Failed asserting that 404 is identical to 200.

  at tests/Feature/KnowledgeApiTest.php:117
    113â–•         $response = $this->postJson("/api/v1/knowledge/{$knowledge->id}/vote", [
    114â–•             'helpful' => true,
    115â–•         ]);
    116â–• 
  âžœ 117â–•         $response->assertStatus(200);
    118â–•         // Add assertions based on your vote implementation
    119â–•     }
    120â–• 
    121â–•     public function test_can_list_faq_categories(): void

  â”€â”€â”€â”€â”€â”€â”€â”€â”€â”€â”€â”€â”€â”€â”€â”€â”€â”€â”€â”€â”€â”€â”€â”€â”€â”€â”€â”€â”€â”€â”€â”€â”€â”€â”€â”€â”€â”€â”€â”€â”€â”€â”€â”€â”€â”€â”€â”€â”€â”€â”€â”€â”€â”€â”€â”€â”€â”€â”€â”€â”€â”€â”€â”€â”€â”€â”€â”€â”€â”€â”€â”€â”€â”€â”€â”€  
   FAILED  Tests\Feature\KnowledgeApiTest > can list faq categories             
  Expected response status code [200] but received 404.
Failed asserting that 404 is identical to 200.

  at tests/Feature/KnowledgeApiTest.php:127
    123â–•         FaqCategory::factory()->count(3)->create();
    124â–• 
    125â–•         $response = $this->getJson('/api/v1/faq-categories');
    126â–• 
  âžœ 127â–•         $response->assertStatus(200)
    128â–•             ->assertJsonStructure([
    129â–•                 'data' => [
    130â–•                     '*' => ['id', 'name', 'description', 'parent_id']
    131â–•                 ]

  â”€â”€â”€â”€â”€â”€â”€â”€â”€â”€â”€â”€â”€â”€â”€â”€â”€â”€â”€â”€â”€â”€â”€â”€â”€â”€â”€â”€â”€â”€â”€â”€â”€â”€â”€â”€â”€â”€â”€â”€â”€â”€â”€â”€â”€â”€â”€â”€â”€â”€â”€â”€â”€â”€â”€â”€â”€â”€â”€â”€â”€â”€â”€â”€â”€â”€â”€â”€â”€â”€â”€â”€â”€â”€â”€â”€  
   FAILED  Tests\Feature\KnowledgeApiTest > can create faq category             
  Expected response status code [201] but received 404.
Failed asserting that 404 is identical to 201.

  at tests/Feature/KnowledgeApiTest.php:145
    141â–•         ];
    142â–• 
    143â–•         $response = $this->postJson('/api/v1/faq-categories', $data);
    144â–• 
  âžœ 145â–•         $response->assertStatus(201)
    146â–•             ->assertJsonStructure(['data' => ['id', 'name', 'description']]);
    147â–• 
    148â–•         $this->assertDatabaseHas('faq_categories', [
    149â–•             'name' => 'Test Category',

  â”€â”€â”€â”€â”€â”€â”€â”€â”€â”€â”€â”€â”€â”€â”€â”€â”€â”€â”€â”€â”€â”€â”€â”€â”€â”€â”€â”€â”€â”€â”€â”€â”€â”€â”€â”€â”€â”€â”€â”€â”€â”€â”€â”€â”€â”€â”€â”€â”€â”€â”€â”€â”€â”€â”€â”€â”€â”€â”€â”€â”€â”€â”€â”€â”€â”€â”€â”€â”€â”€â”€â”€â”€â”€â”€â”€  
   FAILED  Tests\Feature\OrderApiTest > can list orders                         
  Expected response status code [200] but received 404.
Failed asserting that 404 is identical to 200.

  at tests/Feature/OrderApiTest.php:21
     17â–•         Order::factory()->count(3)->create();
     18â–• 
     19â–•         $response = $this->getJson('/api/v1/orders');
     20â–• 
  âžœ  21â–•         $response->assertStatus(200)
     22â–•             ->assertJsonStructure([
     23â–•                 'data' => [
     24â–•                     '*' => ['id', 'customer_id', 'total_amount', 'status', 'created_at']
     25â–•                 ]

  â”€â”€â”€â”€â”€â”€â”€â”€â”€â”€â”€â”€â”€â”€â”€â”€â”€â”€â”€â”€â”€â”€â”€â”€â”€â”€â”€â”€â”€â”€â”€â”€â”€â”€â”€â”€â”€â”€â”€â”€â”€â”€â”€â”€â”€â”€â”€â”€â”€â”€â”€â”€â”€â”€â”€â”€â”€â”€â”€â”€â”€â”€â”€â”€â”€â”€â”€â”€â”€â”€â”€â”€â”€â”€â”€â”€  
   FAILED  Tests\Feature\OrderApiTest > can show order                          
  Expected response status code [200] but received 404.
Failed asserting that 404 is identical to 200.

  at tests/Feature/OrderApiTest.php:35
     31â–•         $order = Order::factory()->create();
     32â–• 
     33â–•         $response = $this->getJson("/api/v1/orders/{$order->id}");
     34â–• 
  âžœ  35â–•         $response->assertStatus(200)
     36â–•             ->assertJson([
     37â–•                 'data' => [
     38â–•                     'id' => $order->id,
     39â–•                     'customer_id' => $order->customer_id,

  â”€â”€â”€â”€â”€â”€â”€â”€â”€â”€â”€â”€â”€â”€â”€â”€â”€â”€â”€â”€â”€â”€â”€â”€â”€â”€â”€â”€â”€â”€â”€â”€â”€â”€â”€â”€â”€â”€â”€â”€â”€â”€â”€â”€â”€â”€â”€â”€â”€â”€â”€â”€â”€â”€â”€â”€â”€â”€â”€â”€â”€â”€â”€â”€â”€â”€â”€â”€â”€â”€â”€â”€â”€â”€â”€â”€  
   FAILED  Tests\Feature\OrderApiTest > can createâ€¦  InvalidArgumentException   
  Unknown format "string"

  at vendor/fakerphp/faker/src/Faker/Generator.php:743
    739â–•                 return $this->formatters[$format];
    740â–•             }
    741â–•         }
    742â–• 
  âžœ 743â–•         throw new \InvalidArgumentException(sprintf('Unknown format "%s"', $format));
    744â–•     }
    745â–• 
    746â–•     /**
    747â–•      * Replaces tokens ('{{ tokenName }}') with the result from the token method call

      [2m+4 vendor frames [22m
  5   database/factories/ServiceFactory.php:48
      [2m+7 vendor frames [22m
  13  tests/Feature/OrderApiTest.php:47

  â”€â”€â”€â”€â”€â”€â”€â”€â”€â”€â”€â”€â”€â”€â”€â”€â”€â”€â”€â”€â”€â”€â”€â”€â”€â”€â”€â”€â”€â”€â”€â”€â”€â”€â”€â”€â”€â”€â”€â”€â”€â”€â”€â”€â”€â”€â”€â”€â”€â”€â”€â”€â”€â”€â”€â”€â”€â”€â”€â”€â”€â”€â”€â”€â”€â”€â”€â”€â”€â”€â”€â”€â”€â”€â”€â”€  
   FAILED  Tests\Feature\OrderApiTest > checkout requires valid customer        
  Expected response status code [422] but received 404.
Failed asserting that 404 is identical to 422.

  at tests/Feature/OrderApiTest.php:81
     77â–•         ];
     78â–• 
     79â–•         $response = $this->postJson('/api/v1/orders/checkout', $data);
     80â–• 
  âžœ  81â–•         $response->assertStatus(422); // Validation error
     82â–•     }
     83â–• 
     84â–•     public function test_checkout_requires_items(): void
     85â–•     {

  â”€â”€â”€â”€â”€â”€â”€â”€â”€â”€â”€â”€â”€â”€â”€â”€â”€â”€â”€â”€â”€â”€â”€â”€â”€â”€â”€â”€â”€â”€â”€â”€â”€â”€â”€â”€â”€â”€â”€â”€â”€â”€â”€â”€â”€â”€â”€â”€â”€â”€â”€â”€â”€â”€â”€â”€â”€â”€â”€â”€â”€â”€â”€â”€â”€â”€â”€â”€â”€â”€â”€â”€â”€â”€â”€â”€  
   FAILED  Tests\Feature\OrderApiTest > checkout requires items                 
  Expected response status code [422] but received 404.
Failed asserting that 404 is identical to 422.

  at tests/Feature/OrderApiTest.php:95
     91â–•         ];
     92â–• 
     93â–•         $response = $this->postJson('/api/v1/orders/checkout', $data);
     94â–• 
  âžœ  95â–•         $response->assertStatus(422); // Validation error
     96â–•     }
     97â–• }
     98â–•

  â”€â”€â”€â”€â”€â”€â”€â”€â”€â”€â”€â”€â”€â”€â”€â”€â”€â”€â”€â”€â”€â”€â”€â”€â”€â”€â”€â”€â”€â”€â”€â”€â”€â”€â”€â”€â”€â”€â”€â”€â”€â”€â”€â”€â”€â”€â”€â”€â”€â”€â”€â”€â”€â”€â”€â”€â”€â”€â”€â”€â”€â”€â”€â”€â”€â”€â”€â”€â”€â”€â”€â”€â”€â”€â”€â”€  
   FAILED  Tests\Feature\OutboundCampaignApiTest > can list outbound campaigâ€¦   
  Expected response status code [200] but received 404.
Failed asserting that 404 is identical to 200.

  at tests/Feature/OutboundCampaignApiTest.php:16
     12â–•     public function test_can_list_outbound_campaigns(): void
     13â–•     {
     14â–•         $response = $this->getJson('/api/v1/outbound/campaigns');
     15â–• 
  âžœ  16â–•         $response->assertStatus(200)
     17â–•             ->assertJsonStructure([
     18â–•                 'data' => [
     19â–•                     '*' => ['id', 'name', 'status', 'type']
     20â–•                 ]

  â”€â”€â”€â”€â”€â”€â”€â”€â”€â”€â”€â”€â”€â”€â”€â”€â”€â”€â”€â”€â”€â”€â”€â”€â”€â”€â”€â”€â”€â”€â”€â”€â”€â”€â”€â”€â”€â”€â”€â”€â”€â”€â”€â”€â”€â”€â”€â”€â”€â”€â”€â”€â”€â”€â”€â”€â”€â”€â”€â”€â”€â”€â”€â”€â”€â”€â”€â”€â”€â”€â”€â”€â”€â”€â”€â”€  
   FAILED  Tests\Feature\OutboundCampaignApiTest > can create outbound campaâ€¦   
  Expected response status code [201] but received 404.
Failed asserting that 404 is identical to 201.

  at tests/Feature/OutboundCampaignApiTest.php:35
     31â–•         ];
     32â–• 
     33â–•         $response = $this->postJson('/api/v1/outbound/campaigns', $data);
     34â–• 
  âžœ  35â–•         $response->assertStatus(201)
     36â–•             ->assertJsonStructure(['data' => ['id', 'name']]);
     37â–•     }
     38â–• 
     39â–•     public function test_can_show_outbound_campaign(): void

  â”€â”€â”€â”€â”€â”€â”€â”€â”€â”€â”€â”€â”€â”€â”€â”€â”€â”€â”€â”€â”€â”€â”€â”€â”€â”€â”€â”€â”€â”€â”€â”€â”€â”€â”€â”€â”€â”€â”€â”€â”€â”€â”€â”€â”€â”€â”€â”€â”€â”€â”€â”€â”€â”€â”€â”€â”€â”€â”€â”€â”€â”€â”€â”€â”€â”€â”€â”€â”€â”€â”€â”€â”€â”€â”€â”€  
   FAILED  Tests\Feature\OutboundCampaignApiTest > can show outbound campaigâ€¦   
  Expected response status code [200] but received 404.
Failed asserting that 404 is identical to 200.

  at tests/Feature/OutboundCampaignApiTest.php:45
     41â–•         $campaignId = 'test-campaign-id';
     42â–• 
     43â–•         $response = $this->getJson("/api/v1/outbound/campaigns/{$campaignId}");
     44â–• 
  âžœ  45â–•         $response->assertStatus(200)
     46â–•             ->assertJsonStructure(['data']);
     47â–•     }
     48â–• 
     49â–•     public function test_can_update_outbound_campaign(): void

  â”€â”€â”€â”€â”€â”€â”€â”€â”€â”€â”€â”€â”€â”€â”€â”€â”€â”€â”€â”€â”€â”€â”€â”€â”€â”€â”€â”€â”€â”€â”€â”€â”€â”€â”€â”€â”€â”€â”€â”€â”€â”€â”€â”€â”€â”€â”€â”€â”€â”€â”€â”€â”€â”€â”€â”€â”€â”€â”€â”€â”€â”€â”€â”€â”€â”€â”€â”€â”€â”€â”€â”€â”€â”€â”€â”€  
   FAILED  Tests\Feature\OutboundCampaignApiTest > can update outbound campaâ€¦   
  Expected response status code [200] but received 404.
Failed asserting that 404 is identical to 200.

  at tests/Feature/OutboundCampaignApiTest.php:60
     56â–•         ];
     57â–• 
     58â–•         $response = $this->putJson("/api/v1/outbound/campaigns/{$campaignId}", $data);
     59â–• 
  âžœ  60â–•         $response->assertStatus(200)
     61â–•             ->assertJsonStructure(['data', 'message']);
     62â–•     }
     63â–• 
     64â–•     public function test_can_get_campaign_recipients(): void

  â”€â”€â”€â”€â”€â”€â”€â”€â”€â”€â”€â”€â”€â”€â”€â”€â”€â”€â”€â”€â”€â”€â”€â”€â”€â”€â”€â”€â”€â”€â”€â”€â”€â”€â”€â”€â”€â”€â”€â”€â”€â”€â”€â”€â”€â”€â”€â”€â”€â”€â”€â”€â”€â”€â”€â”€â”€â”€â”€â”€â”€â”€â”€â”€â”€â”€â”€â”€â”€â”€â”€â”€â”€â”€â”€â”€  
   FAILED  Tests\Feature\OutboundCampaignApiTest > can get campaign recipienâ€¦   
  Expected response status code [200] but received 404.
Failed asserting that 404 is identical to 200.

  at tests/Feature/OutboundCampaignApiTest.php:70
     66â–•         $campaignId = 'test-campaign-id';
     67â–• 
     68â–•         $response = $this->getJson("/api/v1/outbound/campaigns/{$campaignId}/recipients");
     69â–• 
  âžœ  70â–•         $response->assertStatus(200)
     71â–•             ->assertJsonStructure([
     72â–•                 'data' => [
     73â–•                     '*' => ['id', 'email', 'status']
     74â–•                 ]

  â”€â”€â”€â”€â”€â”€â”€â”€â”€â”€â”€â”€â”€â”€â”€â”€â”€â”€â”€â”€â”€â”€â”€â”€â”€â”€â”€â”€â”€â”€â”€â”€â”€â”€â”€â”€â”€â”€â”€â”€â”€â”€â”€â”€â”€â”€â”€â”€â”€â”€â”€â”€â”€â”€â”€â”€â”€â”€â”€â”€â”€â”€â”€â”€â”€â”€â”€â”€â”€â”€â”€â”€â”€â”€â”€â”€  
   FAILED  Tests\Feature\OutboundCampaignApiTest > can start campaign           
  Expected response status code [200] but received 404.
Failed asserting that 404 is identical to 200.

  at tests/Feature/OutboundCampaignApiTest.php:84
     80â–•         $campaignId = 'test-campaign-id';
     81â–• 
     82â–•         $response = $this->postJson("/api/v1/outbound/campaigns/{$campaignId}/start", []);
     83â–• 
  âžœ  84â–•         $response->assertStatus(200)
     85â–•             ->assertJsonStructure(['data', 'message']);
     86â–•     }
     87â–• 
     88â–•     public function test_can_get_campaign_analytics(): void

  â”€â”€â”€â”€â”€â”€â”€â”€â”€â”€â”€â”€â”€â”€â”€â”€â”€â”€â”€â”€â”€â”€â”€â”€â”€â”€â”€â”€â”€â”€â”€â”€â”€â”€â”€â”€â”€â”€â”€â”€â”€â”€â”€â”€â”€â”€â”€â”€â”€â”€â”€â”€â”€â”€â”€â”€â”€â”€â”€â”€â”€â”€â”€â”€â”€â”€â”€â”€â”€â”€â”€â”€â”€â”€â”€â”€  
   FAILED  Tests\Feature\OutboundCampaignApiTest > can get campaign analyticâ€¦   
  Expected response status code [200] but received 404.
Failed asserting that 404 is identical to 200.

  at tests/Feature/OutboundCampaignApiTest.php:94
     90â–•         $campaignId = 'test-campaign-id';
     91â–• 
     92â–•         $response = $this->getJson("/api/v1/outbound/campaigns/{$campaignId}/analytics");
     93â–• 
  âžœ  94â–•         $response->assertStatus(200)
     95â–•             ->assertJsonStructure([
     96â–•                 'data' => [
     97â–•                     'sent',
     98â–•                     'delivered',

  â”€â”€â”€â”€â”€â”€â”€â”€â”€â”€â”€â”€â”€â”€â”€â”€â”€â”€â”€â”€â”€â”€â”€â”€â”€â”€â”€â”€â”€â”€â”€â”€â”€â”€â”€â”€â”€â”€â”€â”€â”€â”€â”€â”€â”€â”€â”€â”€â”€â”€â”€â”€â”€â”€â”€â”€â”€â”€â”€â”€â”€â”€â”€â”€â”€â”€â”€â”€â”€â”€â”€â”€â”€â”€â”€â”€  
   FAILED  Tests\Feature\PersonalityApiTest > can list personalities            
  Expected response status code [200] but received 404.
Failed asserting that 404 is identical to 200.

  at tests/Feature/PersonalityApiTest.php:17
     13â–•     public function test_can_list_personalities(): void
     14â–•     {
     15â–•         $response = $this->getJson('/api/v1/personalities');
     16â–• 
  âžœ  17â–•         $response->assertStatus(200)
     18â–•             ->assertJsonStructure([
     19â–•                 'data' => [
     20â–•                     '*' => ['id', 'name', 'description']
     21â–•                 ]

  â”€â”€â”€â”€â”€â”€â”€â”€â”€â”€â”€â”€â”€â”€â”€â”€â”€â”€â”€â”€â”€â”€â”€â”€â”€â”€â”€â”€â”€â”€â”€â”€â”€â”€â”€â”€â”€â”€â”€â”€â”€â”€â”€â”€â”€â”€â”€â”€â”€â”€â”€â”€â”€â”€â”€â”€â”€â”€â”€â”€â”€â”€â”€â”€â”€â”€â”€â”€â”€â”€â”€â”€â”€â”€â”€â”€  
   FAILED  Tests\Feature\PersonalityApiTest > can create personality            
  Expected response status code [201] but received 404.
Failed asserting that 404 is identical to 201.

  at tests/Feature/PersonalityApiTest.php:35
     31â–•         ];
     32â–• 
     33â–•         $response = $this->postJson('/api/v1/personalities', $data);
     34â–• 
  âžœ  35â–•         $response->assertStatus(201)
     36â–•             ->assertJsonStructure(['data' => ['id', 'name']]);
     37â–•     }
     38â–• 
     39â–•     public function test_can_show_personality(): void

  â”€â”€â”€â”€â”€â”€â”€â”€â”€â”€â”€â”€â”€â”€â”€â”€â”€â”€â”€â”€â”€â”€â”€â”€â”€â”€â”€â”€â”€â”€â”€â”€â”€â”€â”€â”€â”€â”€â”€â”€â”€â”€â”€â”€â”€â”€â”€â”€â”€â”€â”€â”€â”€â”€â”€â”€â”€â”€â”€â”€â”€â”€â”€â”€â”€â”€â”€â”€â”€â”€â”€â”€â”€â”€â”€â”€  
   FAILED  Tests\Feature\PersonalityApiTest > can show personality              
  Expected response status code [200] but received 404.
Failed asserting that 404 is identical to 200.

  at tests/Feature/PersonalityApiTest.php:47
     43â–• 
     44â–•         $response = $this->getJson("/api/v1/personalities/{$personalityId}");
     45â–• 
     46â–•         // Adjust based on actual implementation
  âžœ  47â–•         $response->assertStatus(200);
     48â–•     }
     49â–• 
     50â–•     public function test_can_assign_personality_to_customer(): void
     51â–•     {

  â”€â”€â”€â”€â”€â”€â”€â”€â”€â”€â”€â”€â”€â”€â”€â”€â”€â”€â”€â”€â”€â”€â”€â”€â”€â”€â”€â”€â”€â”€â”€â”€â”€â”€â”€â”€â”€â”€â”€â”€â”€â”€â”€â”€â”€â”€â”€â”€â”€â”€â”€â”€â”€â”€â”€â”€â”€â”€â”€â”€â”€â”€â”€â”€â”€â”€â”€â”€â”€â”€â”€â”€â”€â”€â”€â”€  
   FAILED  Tests\Feature\PersonalityApiTest > can assign personality to custâ€¦   
  Expected response status code [200] but received 404.
Failed asserting that 404 is identical to 200.

  at tests/Feature/PersonalityApiTest.php:62
     58â–•         ];
     59â–• 
     60â–•         $response = $this->postJson('/api/v1/personalities/assign', $data);
     61â–• 
  âžœ  62â–•         $response->assertStatus(200)
     63â–•             ->assertJsonStructure(['data', 'message']);
     64â–•     }
     65â–• 
     66â–•     public function test_can_get_customer_personality(): void

  â”€â”€â”€â”€â”€â”€â”€â”€â”€â”€â”€â”€â”€â”€â”€â”€â”€â”€â”€â”€â”€â”€â”€â”€â”€â”€â”€â”€â”€â”€â”€â”€â”€â”€â”€â”€â”€â”€â”€â”€â”€â”€â”€â”€â”€â”€â”€â”€â”€â”€â”€â”€â”€â”€â”€â”€â”€â”€â”€â”€â”€â”€â”€â”€â”€â”€â”€â”€â”€â”€â”€â”€â”€â”€â”€â”€  
   FAILED  Tests\Feature\PersonalityApiTest > can get customer personality      
  Expected response status code [200] but received 404.
Failed asserting that 404 is identical to 200.

  at tests/Feature/PersonalityApiTest.php:72
     68â–•         $customer = Customer::factory()->create();
     69â–• 
     70â–•         $response = $this->getJson("/api/v1/personalities/customers/{$customer->id}/personality");
     71â–• 
  âžœ  72â–•         $response->assertStatus(200)
     73â–•             ->assertJsonStructure(['data']);
     74â–•     }
     75â–• 
     76â–•     public function test_can_generate_personality_response(): void

  â”€â”€â”€â”€â”€â”€â”€â”€â”€â”€â”€â”€â”€â”€â”€â”€â”€â”€â”€â”€â”€â”€â”€â”€â”€â”€â”€â”€â”€â”€â”€â”€â”€â”€â”€â”€â”€â”€â”€â”€â”€â”€â”€â”€â”€â”€â”€â”€â”€â”€â”€â”€â”€â”€â”€â”€â”€â”€â”€â”€â”€â”€â”€â”€â”€â”€â”€â”€â”€â”€â”€â”€â”€â”€â”€â”€  
   FAILED  Tests\Feature\PersonalityApiTest > can generate personality respoâ€¦   
  Failed asserting that an array contains 404.

  at tests/Feature/PersonalityApiTest.php:87
     83â–• 
     84â–•         $response = $this->postJson('/api/v1/personalities/test-personality-id/generate-response', $data);
     85â–• 
     86â–•         // May return 200 or 500 depending on AI service availability
  âžœ  87â–•         $this->assertContains($response->status(), [200, 500]);
     88â–•     }
     89â–• }
     90â–•

  1   tests/Feature/PersonalityApiTest.php:87

  â”€â”€â”€â”€â”€â”€â”€â”€â”€â”€â”€â”€â”€â”€â”€â”€â”€â”€â”€â”€â”€â”€â”€â”€â”€â”€â”€â”€â”€â”€â”€â”€â”€â”€â”€â”€â”€â”€â”€â”€â”€â”€â”€â”€â”€â”€â”€â”€â”€â”€â”€â”€â”€â”€â”€â”€â”€â”€â”€â”€â”€â”€â”€â”€â”€â”€â”€â”€â”€â”€â”€â”€â”€â”€â”€â”€  
   FAILED  Tests\Feature\PhoneCampaignApiTest > can list phone campaigns        
  Expected response status code [200] but received 404.
Failed asserting that 404 is identical to 200.

  at tests/Feature/PhoneCampaignApiTest.php:16
     12â–•     public function test_can_list_phone_campaigns(): void
     13â–•     {
     14â–•         $response = $this->getJson('/api/v1/outbound/phone/campaigns');
     15â–• 
  âžœ  16â–•         $response->assertStatus(200)
     17â–•             ->assertJsonStructure([
     18â–•                 'data' => [
     19â–•                     '*' => ['id', 'name', 'status', 'call_count']
     20â–•                 ]

  â”€â”€â”€â”€â”€â”€â”€â”€â”€â”€â”€â”€â”€â”€â”€â”€â”€â”€â”€â”€â”€â”€â”€â”€â”€â”€â”€â”€â”€â”€â”€â”€â”€â”€â”€â”€â”€â”€â”€â”€â”€â”€â”€â”€â”€â”€â”€â”€â”€â”€â”€â”€â”€â”€â”€â”€â”€â”€â”€â”€â”€â”€â”€â”€â”€â”€â”€â”€â”€â”€â”€â”€â”€â”€â”€â”€  
   FAILED  Tests\Feature\PhoneCampaignApiTest > can create phone campaign       
  Expected response status code [201] but received 404.
Failed asserting that 404 is identical to 201.

  at tests/Feature/PhoneCampaignApiTest.php:35
     31â–•         ];
     32â–• 
     33â–•         $response = $this->postJson('/api/v1/outbound/phone/campaigns', $data);
     34â–• 
  âžœ  35â–•         $response->assertStatus(201)
     36â–•             ->assertJsonStructure(['data' => ['id', 'name']]);
     37â–•     }
     38â–• 
     39â–•     public function test_can_list_phone_scripts(): void

  â”€â”€â”€â”€â”€â”€â”€â”€â”€â”€â”€â”€â”€â”€â”€â”€â”€â”€â”€â”€â”€â”€â”€â”€â”€â”€â”€â”€â”€â”€â”€â”€â”€â”€â”€â”€â”€â”€â”€â”€â”€â”€â”€â”€â”€â”€â”€â”€â”€â”€â”€â”€â”€â”€â”€â”€â”€â”€â”€â”€â”€â”€â”€â”€â”€â”€â”€â”€â”€â”€â”€â”€â”€â”€â”€â”€  
   FAILED  Tests\Feature\PhoneCampaignApiTest > can list phone scripts          
  Expected response status code [200] but received 404.
Failed asserting that 404 is identical to 200.

  at tests/Feature/PhoneCampaignApiTest.php:43
     39â–•     public function test_can_list_phone_scripts(): void
     40â–•     {
     41â–•         $response = $this->getJson('/api/v1/outbound/phone/scripts');
     42â–• 
  âžœ  43â–•         $response->assertStatus(200)
     44â–•             ->assertJsonStructure([
     45â–•                 'data' => [
     46â–•                     '*' => ['id', 'name', 'content']
     47â–•                 ]

  â”€â”€â”€â”€â”€â”€â”€â”€â”€â”€â”€â”€â”€â”€â”€â”€â”€â”€â”€â”€â”€â”€â”€â”€â”€â”€â”€â”€â”€â”€â”€â”€â”€â”€â”€â”€â”€â”€â”€â”€â”€â”€â”€â”€â”€â”€â”€â”€â”€â”€â”€â”€â”€â”€â”€â”€â”€â”€â”€â”€â”€â”€â”€â”€â”€â”€â”€â”€â”€â”€â”€â”€â”€â”€â”€â”€  
   FAILED  Tests\Feature\PhoneCampaignApiTest > can create phone script         
  Expected response status code [201] but received 404.
Failed asserting that 404 is identical to 201.

  at tests/Feature/PhoneCampaignApiTest.php:61
     57â–•         ];
     58â–• 
     59â–•         $response = $this->postJson('/api/v1/outbound/phone/scripts', $data);
     60â–• 
  âžœ  61â–•         $response->assertStatus(201)
     62â–•             ->assertJsonStructure(['data' => ['id', 'name']]);
     63â–•     }
     64â–• 
     65â–•     public function test_can_update_call_status(): void

  â”€â”€â”€â”€â”€â”€â”€â”€â”€â”€â”€â”€â”€â”€â”€â”€â”€â”€â”€â”€â”€â”€â”€â”€â”€â”€â”€â”€â”€â”€â”€â”€â”€â”€â”€â”€â”€â”€â”€â”€â”€â”€â”€â”€â”€â”€â”€â”€â”€â”€â”€â”€â”€â”€â”€â”€â”€â”€â”€â”€â”€â”€â”€â”€â”€â”€â”€â”€â”€â”€â”€â”€â”€â”€â”€â”€  
   FAILED  Tests\Feature\PhoneCampaignApiTest > can update call status          
  Expected response status code [200] but received 404.
Failed asserting that 404 is identical to 200.

  at tests/Feature/PhoneCampaignApiTest.php:77
     73â–•         ];
     74â–• 
     75â–•         $response = $this->postJson("/api/v1/outbound/phone/campaigns/{$campaignId}/call-status", $data);
     76â–• 
  âžœ  77â–•         $response->assertStatus(200)
     78â–•             ->assertJsonStructure(['data', 'message']);
     79â–•     }
     80â–• }
     81â–•

  â”€â”€â”€â”€â”€â”€â”€â”€â”€â”€â”€â”€â”€â”€â”€â”€â”€â”€â”€â”€â”€â”€â”€â”€â”€â”€â”€â”€â”€â”€â”€â”€â”€â”€â”€â”€â”€â”€â”€â”€â”€â”€â”€â”€â”€â”€â”€â”€â”€â”€â”€â”€â”€â”€â”€â”€â”€â”€â”€â”€â”€â”€â”€â”€â”€â”€â”€â”€â”€â”€â”€â”€â”€â”€â”€â”€  
   FAILED  Tests\Feature\PresentationApiTest > can list presentation templatâ€¦   
  Expected response status code [200] but received 404.
Failed asserting that 404 is identical to 200.

  at tests/Feature/PresentationApiTest.php:20
     16â–•         PresentationTemplate::factory()->count(3)->create();
     17â–• 
     18â–•         $response = $this->getJson('/api/v1/presentations/templates');
     19â–• 
  âžœ  20â–•         $response->assertStatus(200)
     21â–•             ->assertJsonStructure([
     22â–•                 'data' => [
     23â–•                     '*' => ['id', 'name', 'description', 'purpose', 'slide_count']
     24â–•                 ]

  â”€â”€â”€â”€â”€â”€â”€â”€â”€â”€â”€â”€â”€â”€â”€â”€â”€â”€â”€â”€â”€â”€â”€â”€â”€â”€â”€â”€â”€â”€â”€â”€â”€â”€â”€â”€â”€â”€â”€â”€â”€â”€â”€â”€â”€â”€â”€â”€â”€â”€â”€â”€â”€â”€â”€â”€â”€â”€â”€â”€â”€â”€â”€â”€â”€â”€â”€â”€â”€â”€â”€â”€â”€â”€â”€â”€  
   FAILED  Tests\Feature\PresentationApiTest > can show presentation templatâ€¦   
  Expected response status code [200] but received 404.
Failed asserting that 404 is identical to 200.

  at tests/Feature/PresentationApiTest.php:34
     30â–•         $template = PresentationTemplate::factory()->create();
     31â–• 
     32â–•         $response = $this->getJson("/api/v1/presentations/templates/{$template->id}");
     33â–• 
  âžœ  34â–•         $response->assertStatus(200)
     35â–•             ->assertJson([
     36â–•                 'data' => [
     37â–•                     'id' => $template->id,
     38â–•                     'name' => $template->name,

  â”€â”€â”€â”€â”€â”€â”€â”€â”€â”€â”€â”€â”€â”€â”€â”€â”€â”€â”€â”€â”€â”€â”€â”€â”€â”€â”€â”€â”€â”€â”€â”€â”€â”€â”€â”€â”€â”€â”€â”€â”€â”€â”€â”€â”€â”€â”€â”€â”€â”€â”€â”€â”€â”€â”€â”€â”€â”€â”€â”€â”€â”€â”€â”€â”€â”€â”€â”€â”€â”€â”€â”€â”€â”€â”€â”€  
   FAILED  Tests\Feature\PresentationApiTest > can create presentation fromâ€¦    
  Expected response status code [201] but received 404.
Failed asserting that 404 is identical to 201.

  at tests/Feature/PresentationApiTest.php:58
     54â–•         ];
     55â–• 
     56â–•         $response = $this->postJson('/api/v1/presentations/generate', $data);
     57â–• 
  âžœ  58â–•         $response->assertStatus(201)
     59â–•             ->assertJsonStructure(['data' => ['id', 'template_id']]);
     60â–• 
     61â–•         $this->assertDatabaseHas('generated_presentations', [
     62â–•             'template_id' => $template->id,

  â”€â”€â”€â”€â”€â”€â”€â”€â”€â”€â”€â”€â”€â”€â”€â”€â”€â”€â”€â”€â”€â”€â”€â”€â”€â”€â”€â”€â”€â”€â”€â”€â”€â”€â”€â”€â”€â”€â”€â”€â”€â”€â”€â”€â”€â”€â”€â”€â”€â”€â”€â”€â”€â”€â”€â”€â”€â”€â”€â”€â”€â”€â”€â”€â”€â”€â”€â”€â”€â”€â”€â”€â”€â”€â”€â”€  
   FAILED  Tests\Feature\PresentationApiTest > can show geneâ€¦  QueryException   
  SQLSTATE[HY000]: General error: 1 table generated_presentations has no column named updated_at (Connection: sqlite, SQL: insert into "generated_presentations" ("template_id", "tenant_id", "customer_id", "presentation_json", "audio_base_url", "audio_generated", "audio_generated_at", "input_hash", "expires_at", "view_count", "avg_completion_rate", "last_viewed_at", "id", "updated_at", "created_at") values (675a187e-935c-49ac-a03b-86d7df9f4d25, 00000000-0000-0000-0000-000000000000, ?, {"title":"Soluta tempora voluptatibus molestias omnis eaque.","slides":[{"type":"hero","title":"Illo in accusamus eum.","content":"Esse illum quia consequatur dolorem iusto enim. Aut veniam quae non ducimus voluptas nesciunt. Ea nostrum ipsum fugiat eveniet."}]}, ?, 0, ?, ?, ?, 0, ?, ?, 019ba9ed-a253-70af-be50-bae4f0f11428, 2026-01-10 22:01:21, 2026-01-10 22:01:21))

  at vendor/laravel/framework/src/Illuminate/Database/Connection.php:826
    822â–•                     $this->getName(), $query, $this->prepareBindings($bindings), $e
    823â–•                 );
    824â–•             }
    825â–• 
  âžœ 826â–•             throw new QueryException(
    827â–•                 $this->getName(), $query, $this->prepareBindings($bindings), $e
    828â–•             );
    829â–•         }
    830â–•     }

      [2m+15 vendor frames [22m
  16  tests/Feature/PresentationApiTest.php:68

  â”€â”€â”€â”€â”€â”€â”€â”€â”€â”€â”€â”€â”€â”€â”€â”€â”€â”€â”€â”€â”€â”€â”€â”€â”€â”€â”€â”€â”€â”€â”€â”€â”€â”€â”€â”€â”€â”€â”€â”€â”€â”€â”€â”€â”€â”€â”€â”€â”€â”€â”€â”€â”€â”€â”€â”€â”€â”€â”€â”€â”€â”€â”€â”€â”€â”€â”€â”€â”€â”€â”€â”€â”€â”€â”€â”€  
   FAILED  Tests\Feature\PresentationApiTest > can generateâ€¦   QueryException   
  SQLSTATE[HY000]: General error: 1 table generated_presentations has no column named updated_at (Connection: sqlite, SQL: insert into "generated_presentations" ("template_id", "tenant_id", "customer_id", "presentation_json", "audio_base_url", "audio_generated", "audio_generated_at", "input_hash", "expires_at", "view_count", "avg_completion_rate", "last_viewed_at", "id", "updated_at", "created_at") values (ef86bf4f-f60e-4e8e-9648-0fdc73b50ba2, 00000000-0000-0000-0000-000000000000, ?, {"title":"Est id eum accusantium aliquid neque.","slides":[{"type":"hero","title":"Qui quo debitis labore.","content":"Vitae sint similique qui. Id esse et debitis assumenda est placeat. Veritatis et mollitia quo atque dolorem aut perspiciatis. Quidem doloribus eum cumque est."}]}, ?, 0, ?, ?, ?, 0, ?, ?, 019ba9ed-a256-730d-ae54-0db7b0ff94c5, 2026-01-10 22:01:21, 2026-01-10 22:01:21))

  at vendor/laravel/framework/src/Illuminate/Database/Connection.php:826
    822â–•                     $this->getName(), $query, $this->prepareBindings($bindings), $e
    823â–•                 );
    824â–•             }
    825â–• 
  âžœ 826â–•             throw new QueryException(
    827â–•                 $this->getName(), $query, $this->prepareBindings($bindings), $e
    828â–•             );
    829â–•         }
    830â–•     }

      [2m+15 vendor frames [22m
  16  tests/Feature/PresentationApiTest.php:82

  â”€â”€â”€â”€â”€â”€â”€â”€â”€â”€â”€â”€â”€â”€â”€â”€â”€â”€â”€â”€â”€â”€â”€â”€â”€â”€â”€â”€â”€â”€â”€â”€â”€â”€â”€â”€â”€â”€â”€â”€â”€â”€â”€â”€â”€â”€â”€â”€â”€â”€â”€â”€â”€â”€â”€â”€â”€â”€â”€â”€â”€â”€â”€â”€â”€â”€â”€â”€â”€â”€â”€â”€â”€â”€â”€â”€  
   FAILED  Tests\Feature\PublishingApiTest > can get publishing dashboard       
  Expected response status code [200] but received 404.
Failed asserting that 404 is identical to 200.

  at tests/Feature/PublishingApiTest.php:16
     12â–•     public function test_can_get_publishing_dashboard(): void
     13â–•     {
     14â–•         $response = $this->getJson('/api/v1/publishing/dashboard');
     15â–• 
  âžœ  16â–•         $response->assertStatus(200)
     17â–•             ->assertJsonStructure([
     18â–•                 'data' => [
     19â–•                     'stats',
     20â–•                     'recent_content',

  â”€â”€â”€â”€â”€â”€â”€â”€â”€â”€â”€â”€â”€â”€â”€â”€â”€â”€â”€â”€â”€â”€â”€â”€â”€â”€â”€â”€â”€â”€â”€â”€â”€â”€â”€â”€â”€â”€â”€â”€â”€â”€â”€â”€â”€â”€â”€â”€â”€â”€â”€â”€â”€â”€â”€â”€â”€â”€â”€â”€â”€â”€â”€â”€â”€â”€â”€â”€â”€â”€â”€â”€â”€â”€â”€â”€  
   FAILED  Tests\Feature\PublishingApiTest > can get publishing calendar        
  Expected response status code [200] but received 404.
Failed asserting that 404 is identical to 200.

  at tests/Feature/PublishingApiTest.php:30
     26â–•     public function test_can_get_publishing_calendar(): void
     27â–•     {
     28â–•         $response = $this->getJson('/api/v1/publishing/calendar?month=2024-12');
     29â–• 
  âžœ  30â–•         $response->assertStatus(200)
     31â–•             ->assertJsonStructure([
     32â–•                 'data' => [
     33â–•                     '*' => ['date', 'content', 'status']
     34â–•                 ]

  â”€â”€â”€â”€â”€â”€â”€â”€â”€â”€â”€â”€â”€â”€â”€â”€â”€â”€â”€â”€â”€â”€â”€â”€â”€â”€â”€â”€â”€â”€â”€â”€â”€â”€â”€â”€â”€â”€â”€â”€â”€â”€â”€â”€â”€â”€â”€â”€â”€â”€â”€â”€â”€â”€â”€â”€â”€â”€â”€â”€â”€â”€â”€â”€â”€â”€â”€â”€â”€â”€â”€â”€â”€â”€â”€â”€  
   FAILED  Tests\Feature\PublishingApiTest > can get publishing analytics       
  Expected response status code [200] but received 404.
Failed asserting that 404 is identical to 200.

  at tests/Feature/PublishingApiTest.php:42
     38â–•     public function test_can_get_publishing_analytics(): void
     39â–•     {
     40â–•         $response = $this->getJson('/api/v1/publishing/analytics?start_date=2024-01-01&end_date=2024-12-31');
     41â–• 
  âžœ  42â–•         $response->assertStatus(200)
     43â–•             ->assertJsonStructure([
     44â–•                 'data' => [
     45â–•                     'total_published',
     46â–•                     'engagement_metrics',

  â”€â”€â”€â”€â”€â”€â”€â”€â”€â”€â”€â”€â”€â”€â”€â”€â”€â”€â”€â”€â”€â”€â”€â”€â”€â”€â”€â”€â”€â”€â”€â”€â”€â”€â”€â”€â”€â”€â”€â”€â”€â”€â”€â”€â”€â”€â”€â”€â”€â”€â”€â”€â”€â”€â”€â”€â”€â”€â”€â”€â”€â”€â”€â”€â”€â”€â”€â”€â”€â”€â”€â”€â”€â”€â”€â”€  
   FAILED  Tests\Feature\PublishingApiTest > can publish content                
  Expected response status code [200] but received 404.
Failed asserting that 404 is identical to 200.

  at tests/Feature/PublishingApiTest.php:63
     59â–•         ];
     60â–• 
     61â–•         $response = $this->postJson("/api/v1/publishing/content/{$contentId}/publish", $data);
     62â–• 
  âžœ  63â–•         $response->assertStatus(200)
     64â–•             ->assertJsonStructure(['data', 'message']);
     65â–•     }
     66â–• }
     67â–•

  â”€â”€â”€â”€â”€â”€â”€â”€â”€â”€â”€â”€â”€â”€â”€â”€â”€â”€â”€â”€â”€â”€â”€â”€â”€â”€â”€â”€â”€â”€â”€â”€â”€â”€â”€â”€â”€â”€â”€â”€â”€â”€â”€â”€â”€â”€â”€â”€â”€â”€â”€â”€â”€â”€â”€â”€â”€â”€â”€â”€â”€â”€â”€â”€â”€â”€â”€â”€â”€â”€â”€â”€â”€â”€â”€â”€  
   FAILED  Tests\Feature\SMSCampaignApiTest > can list sms campaigns            
  Expected response status code [200] but received 404.
Failed asserting that 404 is identical to 200.

  at tests/Feature/SMSCampaignApiTest.php:16
     12â–•     public function test_can_list_sms_campaigns(): void
     13â–•     {
     14â–•         $response = $this->getJson('/api/v1/outbound/sms/campaigns');
     15â–• 
  âžœ  16â–•         $response->assertStatus(200)
     17â–•             ->assertJsonStructure([
     18â–•                 'data' => [
     19â–•                     '*' => ['id', 'name', 'status', 'sent_count']
     20â–•                 ]

  â”€â”€â”€â”€â”€â”€â”€â”€â”€â”€â”€â”€â”€â”€â”€â”€â”€â”€â”€â”€â”€â”€â”€â”€â”€â”€â”€â”€â”€â”€â”€â”€â”€â”€â”€â”€â”€â”€â”€â”€â”€â”€â”€â”€â”€â”€â”€â”€â”€â”€â”€â”€â”€â”€â”€â”€â”€â”€â”€â”€â”€â”€â”€â”€â”€â”€â”€â”€â”€â”€â”€â”€â”€â”€â”€â”€  
   FAILED  Tests\Feature\SMSCampaignApiTest > can create sms campaign           
  Expected response status code [201] but received 404.
Failed asserting that 404 is identical to 201.

  at tests/Feature/SMSCampaignApiTest.php:35
     31â–•         ];
     32â–• 
     33â–•         $response = $this->postJson('/api/v1/outbound/sms/campaigns', $data);
     34â–• 
  âžœ  35â–•         $response->assertStatus(201)
     36â–•             ->assertJsonStructure(['data' => ['id', 'name']]);
     37â–•     }
     38â–• 
     39â–•     public function test_can_list_sms_templates(): void

  â”€â”€â”€â”€â”€â”€â”€â”€â”€â”€â”€â”€â”€â”€â”€â”€â”€â”€â”€â”€â”€â”€â”€â”€â”€â”€â”€â”€â”€â”€â”€â”€â”€â”€â”€â”€â”€â”€â”€â”€â”€â”€â”€â”€â”€â”€â”€â”€â”€â”€â”€â”€â”€â”€â”€â”€â”€â”€â”€â”€â”€â”€â”€â”€â”€â”€â”€â”€â”€â”€â”€â”€â”€â”€â”€â”€  
   FAILED  Tests\Feature\SMSCampaignApiTest > can list sms templates            
  Expected response status code [200] but received 404.
Failed asserting that 404 is identical to 200.

  at tests/Feature/SMSCampaignApiTest.php:43
     39â–•     public function test_can_list_sms_templates(): void
     40â–•     {
     41â–•         $response = $this->getJson('/api/v1/outbound/sms/templates');
     42â–• 
  âžœ  43â–•         $response->assertStatus(200)
     44â–•             ->assertJsonStructure([
     45â–•                 'data' => [
     46â–•                     '*' => ['id', 'name', 'message']
     47â–•                 ]

  â”€â”€â”€â”€â”€â”€â”€â”€â”€â”€â”€â”€â”€â”€â”€â”€â”€â”€â”€â”€â”€â”€â”€â”€â”€â”€â”€â”€â”€â”€â”€â”€â”€â”€â”€â”€â”€â”€â”€â”€â”€â”€â”€â”€â”€â”€â”€â”€â”€â”€â”€â”€â”€â”€â”€â”€â”€â”€â”€â”€â”€â”€â”€â”€â”€â”€â”€â”€â”€â”€â”€â”€â”€â”€â”€â”€  
   FAILED  Tests\Feature\SMSCampaignApiTest > can create sms template           
  Expected response status code [201] but received 404.
Failed asserting that 404 is identical to 201.

  at tests/Feature/SMSCampaignApiTest.php:61
     57â–•         ];
     58â–• 
     59â–•         $response = $this->postJson('/api/v1/outbound/sms/templates', $data);
     60â–• 
  âžœ  61â–•         $response->assertStatus(201)
     62â–•             ->assertJsonStructure(['data' => ['id', 'name']]);
     63â–•     }
     64â–• 
     65â–•     public function test_can_update_sms_status(): void

  â”€â”€â”€â”€â”€â”€â”€â”€â”€â”€â”€â”€â”€â”€â”€â”€â”€â”€â”€â”€â”€â”€â”€â”€â”€â”€â”€â”€â”€â”€â”€â”€â”€â”€â”€â”€â”€â”€â”€â”€â”€â”€â”€â”€â”€â”€â”€â”€â”€â”€â”€â”€â”€â”€â”€â”€â”€â”€â”€â”€â”€â”€â”€â”€â”€â”€â”€â”€â”€â”€â”€â”€â”€â”€â”€â”€  
   FAILED  Tests\Feature\SMSCampaignApiTest > can update sms status             
  Expected response status code [200] but received 404.
Failed asserting that 404 is identical to 200.

  at tests/Feature/SMSCampaignApiTest.php:76
     72â–•         ];
     73â–• 
     74â–•         $response = $this->postJson("/api/v1/outbound/sms/campaigns/{$campaignId}/sms-status", $data);
     75â–• 
  âžœ  76â–•         $response->assertStatus(200)
     77â–•             ->assertJsonStructure(['data', 'message']);
     78â–•     }
     79â–• }
     80â–•

  â”€â”€â”€â”€â”€â”€â”€â”€â”€â”€â”€â”€â”€â”€â”€â”€â”€â”€â”€â”€â”€â”€â”€â”€â”€â”€â”€â”€â”€â”€â”€â”€â”€â”€â”€â”€â”€â”€â”€â”€â”€â”€â”€â”€â”€â”€â”€â”€â”€â”€â”€â”€â”€â”€â”€â”€â”€â”€â”€â”€â”€â”€â”€â”€â”€â”€â”€â”€â”€â”€â”€â”€â”€â”€â”€â”€  
   FAILED  Tests\Feature\SearchApiTest > can search knowledge base              
  Failed asserting that an array contains 404.

  at tests/Feature/SearchApiTest.php:27
     23â–•         ]);
     24â–• 
     25â–•         // May return 200 with data or 500 if OpenAI service not available
     26â–•         // Just verify it doesn't crash
  âžœ  27â–•         $this->assertContains($response->status(), [200, 500]);
     28â–•     }
     29â–• 
     30â–•     public function test_can_perform_hybrid_search(): void
     31â–•     {

  1   tests/Feature/SearchApiTest.php:27

  â”€â”€â”€â”€â”€â”€â”€â”€â”€â”€â”€â”€â”€â”€â”€â”€â”€â”€â”€â”€â”€â”€â”€â”€â”€â”€â”€â”€â”€â”€â”€â”€â”€â”€â”€â”€â”€â”€â”€â”€â”€â”€â”€â”€â”€â”€â”€â”€â”€â”€â”€â”€â”€â”€â”€â”€â”€â”€â”€â”€â”€â”€â”€â”€â”€â”€â”€â”€â”€â”€â”€â”€â”€â”€â”€â”€  
   FAILED  Tests\Feature\SearchApiTest > can perform hybrid search              
  Failed asserting that an array contains 404.

  at tests/Feature/SearchApiTest.php:44
     40â–•             'limit' => 10,
     41â–•         ]);
     42â–• 
     43â–•         // May return 200 with data or 500 if services not available
  âžœ  44â–•         $this->assertContains($response->status(), [200, 500]);
     45â–•     }
     46â–• 
     47â–•     public function test_search_requires_query(): void
     48â–•     {

  1   tests/Feature/SearchApiTest.php:44

  â”€â”€â”€â”€â”€â”€â”€â”€â”€â”€â”€â”€â”€â”€â”€â”€â”€â”€â”€â”€â”€â”€â”€â”€â”€â”€â”€â”€â”€â”€â”€â”€â”€â”€â”€â”€â”€â”€â”€â”€â”€â”€â”€â”€â”€â”€â”€â”€â”€â”€â”€â”€â”€â”€â”€â”€â”€â”€â”€â”€â”€â”€â”€â”€â”€â”€â”€â”€â”€â”€â”€â”€â”€â”€â”€â”€  
   FAILED  Tests\Feature\SearchApiTest > search requires query                  
  Expected response status code [422] but received 404.
Failed asserting that 404 is identical to 422.

  at tests/Feature/SearchApiTest.php:51
     47â–•     public function test_search_requires_query(): void
     48â–•     {
     49â–•         $response = $this->postJson('/api/v1/search', []);
     50â–• 
  âžœ  51â–•         $response->assertStatus(422)
     52â–•             ->assertJsonValidationErrors(['query', 'tenant_id']);
     53â–•     }
     54â–• 
     55â–•     public function test_can_perform_fulltext_search(): void

  â”€â”€â”€â”€â”€â”€â”€â”€â”€â”€â”€â”€â”€â”€â”€â”€â”€â”€â”€â”€â”€â”€â”€â”€â”€â”€â”€â”€â”€â”€â”€â”€â”€â”€â”€â”€â”€â”€â”€â”€â”€â”€â”€â”€â”€â”€â”€â”€â”€â”€â”€â”€â”€â”€â”€â”€â”€â”€â”€â”€â”€â”€â”€â”€â”€â”€â”€â”€â”€â”€â”€â”€â”€â”€â”€â”€  
   FAILED  Tests\Feature\SearchApiTest > can perform fulltext search            
  Failed asserting that an array contains 404.

  at tests/Feature/SearchApiTest.php:69
     65â–•             'limit' => 10,
     66â–•         ]);
     67â–• 
     68â–•         // May return 200 with data or 500 if database functions not available
  âžœ  69â–•         $this->assertContains($response->status(), [200, 500]);
     70â–•     }
     71â–• 
     72â–•     public function test_can_get_embedding_status(): void
     73â–•     {

  1   tests/Feature/SearchApiTest.php:69

  â”€â”€â”€â”€â”€â”€â”€â”€â”€â”€â”€â”€â”€â”€â”€â”€â”€â”€â”€â”€â”€â”€â”€â”€â”€â”€â”€â”€â”€â”€â”€â”€â”€â”€â”€â”€â”€â”€â”€â”€â”€â”€â”€â”€â”€â”€â”€â”€â”€â”€â”€â”€â”€â”€â”€â”€â”€â”€â”€â”€â”€â”€â”€â”€â”€â”€â”€â”€â”€â”€â”€â”€â”€â”€â”€â”€  
   FAILED  Tests\Feature\SearchApiTest > can get embedding status               
  Expected response status code [200] but received 404.
Failed asserting that 404 is identical to 200.

  at tests/Feature/SearchApiTest.php:81
     77â–•         Knowledge::factory()->count(3)->create(['embedding_status' => 'pending']);
     78â–• 
     79â–•         $response = $this->getJson('/api/v1/search/status?tenant_id=00000000-0000-0000-0000-000000000000');
     80â–• 
  âžœ  81â–•         $response->assertStatus(200)
     82â–•             ->assertJsonStructure([
     83â–•                 'data' => [
     84â–•                     'total',
     85â–•                     'embedded',

  â”€â”€â”€â”€â”€â”€â”€â”€â”€â”€â”€â”€â”€â”€â”€â”€â”€â”€â”€â”€â”€â”€â”€â”€â”€â”€â”€â”€â”€â”€â”€â”€â”€â”€â”€â”€â”€â”€â”€â”€â”€â”€â”€â”€â”€â”€â”€â”€â”€â”€â”€â”€â”€â”€â”€â”€â”€â”€â”€â”€â”€â”€â”€â”€â”€â”€â”€â”€â”€â”€â”€â”€â”€â”€â”€â”€  
   FAILED  Tests\Feature\ServiceApiTest > can listâ€¦  InvalidArgumentException   
  Unknown format "string"

  at vendor/fakerphp/faker/src/Faker/Generator.php:743
    739â–•                 return $this->formatters[$format];
    740â–•             }
    741â–•         }
    742â–• 
  âžœ 743â–•         throw new \InvalidArgumentException(sprintf('Unknown format "%s"', $format));
    744â–•     }
    745â–• 
    746â–•     /**
    747â–•      * Replaces tokens ('{{ tokenName }}') with the result from the token method call

      [2m+4 vendor frames [22m
  5   database/factories/ServiceFactory.php:48
      [2m+8 vendor frames [22m
  14  tests/Feature/ServiceApiTest.php:16

  â”€â”€â”€â”€â”€â”€â”€â”€â”€â”€â”€â”€â”€â”€â”€â”€â”€â”€â”€â”€â”€â”€â”€â”€â”€â”€â”€â”€â”€â”€â”€â”€â”€â”€â”€â”€â”€â”€â”€â”€â”€â”€â”€â”€â”€â”€â”€â”€â”€â”€â”€â”€â”€â”€â”€â”€â”€â”€â”€â”€â”€â”€â”€â”€â”€â”€â”€â”€â”€â”€â”€â”€â”€â”€â”€â”€  
   FAILED  Tests\Feature\ServiceApiTest > can showâ€¦  InvalidArgumentException   
  Unknown format "string"

  at vendor/fakerphp/faker/src/Faker/Generator.php:743
    739â–•                 return $this->formatters[$format];
    740â–•             }
    741â–•         }
    742â–• 
  âžœ 743â–•         throw new \InvalidArgumentException(sprintf('Unknown format "%s"', $format));
    744â–•     }
    745â–• 
    746â–•     /**
    747â–•      * Replaces tokens ('{{ tokenName }}') with the result from the token method call

      [2m+4 vendor frames [22m
  5   database/factories/ServiceFactory.php:48
      [2m+7 vendor frames [22m
  13  tests/Feature/ServiceApiTest.php:30

  â”€â”€â”€â”€â”€â”€â”€â”€â”€â”€â”€â”€â”€â”€â”€â”€â”€â”€â”€â”€â”€â”€â”€â”€â”€â”€â”€â”€â”€â”€â”€â”€â”€â”€â”€â”€â”€â”€â”€â”€â”€â”€â”€â”€â”€â”€â”€â”€â”€â”€â”€â”€â”€â”€â”€â”€â”€â”€â”€â”€â”€â”€â”€â”€â”€â”€â”€â”€â”€â”€â”€â”€â”€â”€â”€â”€  
   FAILED  Tests\Feature\ServiceApiTest > can filtâ€¦  InvalidArgumentException   
  Unknown format "string"

  at vendor/fakerphp/faker/src/Faker/Generator.php:743
    739â–•                 return $this->formatters[$format];
    740â–•             }
    741â–•         }
    742â–• 
  âžœ 743â–•         throw new \InvalidArgumentException(sprintf('Unknown format "%s"', $format));
    744â–•     }
    745â–• 
    746â–•     /**
    747â–•      * Replaces tokens ('{{ tokenName }}') with the result from the token method call

      [2m+4 vendor frames [22m
  5   database/factories/ServiceFactory.php:49
      [2m+9 vendor frames [22m
  15  tests/Feature/ServiceApiTest.php:46

  â”€â”€â”€â”€â”€â”€â”€â”€â”€â”€â”€â”€â”€â”€â”€â”€â”€â”€â”€â”€â”€â”€â”€â”€â”€â”€â”€â”€â”€â”€â”€â”€â”€â”€â”€â”€â”€â”€â”€â”€â”€â”€â”€â”€â”€â”€â”€â”€â”€â”€â”€â”€â”€â”€â”€â”€â”€â”€â”€â”€â”€â”€â”€â”€â”€â”€â”€â”€â”€â”€â”€â”€â”€â”€â”€â”€  
   FAILED  Tests\Feature\ServiceApiTest > can filtâ€¦  InvalidArgumentException   
  Unknown format "string"

  at vendor/fakerphp/faker/src/Faker/Generator.php:743
    739â–•                 return $this->formatters[$format];
    740â–•             }
    741â–•         }
    742â–• 
  âžœ 743â–•         throw new \InvalidArgumentException(sprintf('Unknown format "%s"', $format));
    744â–•     }
    745â–• 
    746â–•     /**
    747â–•      * Replaces tokens ('{{ tokenName }}') with the result from the token method call

      [2m+4 vendor frames [22m
  5   database/factories/ServiceFactory.php:49
      [2m+9 vendor frames [22m
  15  tests/Feature/ServiceApiTest.php:58

  â”€â”€â”€â”€â”€â”€â”€â”€â”€â”€â”€â”€â”€â”€â”€â”€â”€â”€â”€â”€â”€â”€â”€â”€â”€â”€â”€â”€â”€â”€â”€â”€â”€â”€â”€â”€â”€â”€â”€â”€â”€â”€â”€â”€â”€â”€â”€â”€â”€â”€â”€â”€â”€â”€â”€â”€â”€â”€â”€â”€â”€â”€â”€â”€â”€â”€â”€â”€â”€â”€â”€â”€â”€â”€â”€â”€  
   FAILED  Tests\Feature\ServiceApiTest > can filtâ€¦  InvalidArgumentException   
  Unknown format "string"

  at vendor/fakerphp/faker/src/Faker/Generator.php:743
    739â–•                 return $this->formatters[$format];
    740â–•             }
    741â–•         }
    742â–• 
  âžœ 743â–•         throw new \InvalidArgumentException(sprintf('Unknown format "%s"', $format));
    744â–•     }
    745â–• 
    746â–•     /**
    747â–•      * Replaces tokens ('{{ tokenName }}') with the result from the token method call

      [2m+4 vendor frames [22m
  5   database/factories/ServiceFactory.php:48
      [2m+9 vendor frames [22m
  15  tests/Feature/ServiceApiTest.php:72

  â”€â”€â”€â”€â”€â”€â”€â”€â”€â”€â”€â”€â”€â”€â”€â”€â”€â”€â”€â”€â”€â”€â”€â”€â”€â”€â”€â”€â”€â”€â”€â”€â”€â”€â”€â”€â”€â”€â”€â”€â”€â”€â”€â”€â”€â”€â”€â”€â”€â”€â”€â”€â”€â”€â”€â”€â”€â”€â”€â”€â”€â”€â”€â”€â”€â”€â”€â”€â”€â”€â”€â”€â”€â”€â”€â”€  
   FAILED  Tests\Feature\ServiceCategoryApiTest > can list service categorieâ€¦   
  Expected response status code [200] but received 404.
Failed asserting that 404 is identical to 200.

  at tests/Feature/ServiceCategoryApiTest.php:20
     16â–•         ServiceCategory::factory()->count(5)->create();
     17â–• 
     18â–•         $response = $this->getJson('/api/v1/services/categories');
     19â–• 
  âžœ  20â–•         $response->assertStatus(200)
     21â–•             ->assertJsonStructure([
     22â–•                 'data' => [
     23â–•                     '*' => ['id', 'name', 'slug', 'description']
     24â–•                 ]

  â”€â”€â”€â”€â”€â”€â”€â”€â”€â”€â”€â”€â”€â”€â”€â”€â”€â”€â”€â”€â”€â”€â”€â”€â”€â”€â”€â”€â”€â”€â”€â”€â”€â”€â”€â”€â”€â”€â”€â”€â”€â”€â”€â”€â”€â”€â”€â”€â”€â”€â”€â”€â”€â”€â”€â”€â”€â”€â”€â”€â”€â”€â”€â”€â”€â”€â”€â”€â”€â”€â”€â”€â”€â”€â”€â”€  
   FAILED  Tests\Feature\ServiceCategoryApiTest > can show service category     
  Expected response status code [200] but received 404.
Failed asserting that 404 is identical to 200.

  at tests/Feature/ServiceCategoryApiTest.php:34
     30â–•         $category = ServiceCategory::factory()->create();
     31â–• 
     32â–•         $response = $this->getJson("/api/v1/services/categories/{$category->id}");
     33â–• 
  âžœ  34â–•         $response->assertStatus(200)
     35â–•             ->assertJson([
     36â–•                 'data' => [
     37â–•                     'id' => $category->id,
     38â–•                     'name' => $category->name,

  â”€â”€â”€â”€â”€â”€â”€â”€â”€â”€â”€â”€â”€â”€â”€â”€â”€â”€â”€â”€â”€â”€â”€â”€â”€â”€â”€â”€â”€â”€â”€â”€â”€â”€â”€â”€â”€â”€â”€â”€â”€â”€â”€â”€â”€â”€â”€â”€â”€â”€â”€â”€â”€â”€â”€â”€â”€â”€â”€â”€â”€â”€â”€â”€â”€â”€â”€â”€â”€â”€â”€â”€â”€â”€â”€â”€  
   FAILED  Tests\Feature\ServiceCategoryApiTest >â€¦   InvalidArgumentException   
  Unknown format "string"

  at vendor/fakerphp/faker/src/Faker/Generator.php:743
    739â–•                 return $this->formatters[$format];
    740â–•             }
    741â–•         }
    742â–• 
  âžœ 743â–•         throw new \InvalidArgumentException(sprintf('Unknown format "%s"', $format));
    744â–•     }
    745â–• 
    746â–•     /**
    747â–•      * Replaces tokens ('{{ tokenName }}') with the result from the token method call

      [2m+4 vendor frames [22m
  5   database/factories/ServiceFactory.php:48
      [2m+9 vendor frames [22m
  15  tests/Feature/ServiceCategoryApiTest.php:46

  â”€â”€â”€â”€â”€â”€â”€â”€â”€â”€â”€â”€â”€â”€â”€â”€â”€â”€â”€â”€â”€â”€â”€â”€â”€â”€â”€â”€â”€â”€â”€â”€â”€â”€â”€â”€â”€â”€â”€â”€â”€â”€â”€â”€â”€â”€â”€â”€â”€â”€â”€â”€â”€â”€â”€â”€â”€â”€â”€â”€â”€â”€â”€â”€â”€â”€â”€â”€â”€â”€â”€â”€â”€â”€â”€â”€  
   FAILED  Tests\Feature\ServiceCategoryApiTest > can create service categorâ€¦   
  Expected response status code [201] but received 404.
Failed asserting that 404 is identical to 201.

  at tests/Feature/ServiceCategoryApiTest.php:73
     69â–•         ];
     70â–• 
     71â–•         $response = $this->postJson('/api/v1/services/categories', $data);
     72â–• 
  âžœ  73â–•         $response->assertStatus(201)
     74â–•             ->assertJsonStructure(['data' => ['id', 'name', 'slug']]);
     75â–• 
     76â–•         $this->assertDatabaseHas('service_categories', [
     77â–•             'name' => 'Test Category',

  â”€â”€â”€â”€â”€â”€â”€â”€â”€â”€â”€â”€â”€â”€â”€â”€â”€â”€â”€â”€â”€â”€â”€â”€â”€â”€â”€â”€â”€â”€â”€â”€â”€â”€â”€â”€â”€â”€â”€â”€â”€â”€â”€â”€â”€â”€â”€â”€â”€â”€â”€â”€â”€â”€â”€â”€â”€â”€â”€â”€â”€â”€â”€â”€â”€â”€â”€â”€â”€â”€â”€â”€â”€â”€â”€â”€  
   FAILED  Tests\Feature\ServiceCategoryApiTest > can update service categorâ€¦   
  Expected response status code [200] but received 404.
Failed asserting that 404 is identical to 200.

  at tests/Feature/ServiceCategoryApiTest.php:93
     89â–•         ];
     90â–• 
     91â–•         $response = $this->putJson("/api/v1/services/categories/{$category->id}", $data);
     92â–• 
  âžœ  93â–•         $response->assertStatus(200)
     94â–•             ->assertJson([
     95â–•                 'data' => [
     96â–•                     'name' => 'Updated Category',
     97â–•                 ]

  â”€â”€â”€â”€â”€â”€â”€â”€â”€â”€â”€â”€â”€â”€â”€â”€â”€â”€â”€â”€â”€â”€â”€â”€â”€â”€â”€â”€â”€â”€â”€â”€â”€â”€â”€â”€â”€â”€â”€â”€â”€â”€â”€â”€â”€â”€â”€â”€â”€â”€â”€â”€â”€â”€â”€â”€â”€â”€â”€â”€â”€â”€â”€â”€â”€â”€â”€â”€â”€â”€â”€â”€â”€â”€â”€â”€  
   FAILED  Tests\Feature\ServiceCategoryApiTest > can delete service categorâ€¦   
  Expected response status code [204] but received 404.
Failed asserting that 404 is identical to 204.

  at tests/Feature/ServiceCategoryApiTest.php:112
    108â–•         $category = ServiceCategory::factory()->create();
    109â–• 
    110â–•         $response = $this->deleteJson("/api/v1/services/categories/{$category->id}");
    111â–• 
  âžœ 112â–•         $response->assertStatus(204);
    113â–• 
    114â–•         $this->assertDatabaseMissing('service_categories', [
    115â–•             'id' => $category->id,
    116â–•         ]);

  â”€â”€â”€â”€â”€â”€â”€â”€â”€â”€â”€â”€â”€â”€â”€â”€â”€â”€â”€â”€â”€â”€â”€â”€â”€â”€â”€â”€â”€â”€â”€â”€â”€â”€â”€â”€â”€â”€â”€â”€â”€â”€â”€â”€â”€â”€â”€â”€â”€â”€â”€â”€â”€â”€â”€â”€â”€â”€â”€â”€â”€â”€â”€â”€â”€â”€â”€â”€â”€â”€â”€â”€â”€â”€â”€â”€  
   FAILED  Tests\Feature\StripeWebhookTest > can handle payment intent succeâ€¦   
  Expected response status code [200] but received 404.
Failed asserting that 404 is identical to 200.

  at tests/Feature/StripeWebhookTest.php:35
     31â–•             'Stripe-Signature' => 'test_signature',
     32â–•         ]);
     33â–• 
     34â–•         // Webhook should return 200 even if processing fails (to prevent retries)
  âžœ  35â–•         $response->assertStatus(200);
     36â–•     }
     37â–• 
     38â–•     public function test_can_handle_invoice_payment_succeeded_webhook(): void
     39â–•     {

  â”€â”€â”€â”€â”€â”€â”€â”€â”€â”€â”€â”€â”€â”€â”€â”€â”€â”€â”€â”€â”€â”€â”€â”€â”€â”€â”€â”€â”€â”€â”€â”€â”€â”€â”€â”€â”€â”€â”€â”€â”€â”€â”€â”€â”€â”€â”€â”€â”€â”€â”€â”€â”€â”€â”€â”€â”€â”€â”€â”€â”€â”€â”€â”€â”€â”€â”€â”€â”€â”€â”€â”€â”€â”€â”€â”€  
   FAILED  Tests\Feature\StripeWebhookTest > can handle invoice payment succâ€¦   
  Expected response status code [200] but received 404.
Failed asserting that 404 is identical to 200.

  at tests/Feature/StripeWebhookTest.php:56
     52â–•         $response = $this->postJson('/api/stripe/webhook', $payload, [
     53â–•             'Stripe-Signature' => 'test_signature',
     54â–•         ]);
     55â–• 
  âžœ  56â–•         $response->assertStatus(200);
     57â–•     }
     58â–• 
     59â–•     public function test_can_handle_customer_subscription_created_webhook(): void
     60â–•     {

  â”€â”€â”€â”€â”€â”€â”€â”€â”€â”€â”€â”€â”€â”€â”€â”€â”€â”€â”€â”€â”€â”€â”€â”€â”€â”€â”€â”€â”€â”€â”€â”€â”€â”€â”€â”€â”€â”€â”€â”€â”€â”€â”€â”€â”€â”€â”€â”€â”€â”€â”€â”€â”€â”€â”€â”€â”€â”€â”€â”€â”€â”€â”€â”€â”€â”€â”€â”€â”€â”€â”€â”€â”€â”€â”€â”€  
   FAILED  Tests\Feature\StripeWebhookTest > can handle customer subscriptioâ€¦   
  Expected response status code [200] but received 404.
Failed asserting that 404 is identical to 200.

  at tests/Feature/StripeWebhookTest.php:85
     81â–•         $response = $this->postJson('/api/stripe/webhook', $payload, [
     82â–•             'Stripe-Signature' => 'test_signature',
     83â–•         ]);
     84â–• 
  âžœ  85â–•         $response->assertStatus(200);
     86â–•     }
     87â–• 
     88â–•     public function test_can_handle_customer_subscription_deleted_webhook(): void
     89â–•     {

  â”€â”€â”€â”€â”€â”€â”€â”€â”€â”€â”€â”€â”€â”€â”€â”€â”€â”€â”€â”€â”€â”€â”€â”€â”€â”€â”€â”€â”€â”€â”€â”€â”€â”€â”€â”€â”€â”€â”€â”€â”€â”€â”€â”€â”€â”€â”€â”€â”€â”€â”€â”€â”€â”€â”€â”€â”€â”€â”€â”€â”€â”€â”€â”€â”€â”€â”€â”€â”€â”€â”€â”€â”€â”€â”€â”€  
   FAILED  Tests\Feature\StripeWebhookTest > can handle customer subscriptioâ€¦   
  Expected response status code [200] but received 404.
Failed asserting that 404 is identical to 200.

  at tests/Feature/StripeWebhookTest.php:104
    100â–•         $response = $this->postJson('/api/stripe/webhook', $payload, [
    101â–•             'Stripe-Signature' => 'test_signature',
    102â–•         ]);
    103â–• 
  âžœ 104â–•         $response->assertStatus(200);
    105â–•     }
    106â–• 
    107â–•     public function test_ignores_unknown_webhook_types(): void
    108â–•     {

  â”€â”€â”€â”€â”€â”€â”€â”€â”€â”€â”€â”€â”€â”€â”€â”€â”€â”€â”€â”€â”€â”€â”€â”€â”€â”€â”€â”€â”€â”€â”€â”€â”€â”€â”€â”€â”€â”€â”€â”€â”€â”€â”€â”€â”€â”€â”€â”€â”€â”€â”€â”€â”€â”€â”€â”€â”€â”€â”€â”€â”€â”€â”€â”€â”€â”€â”€â”€â”€â”€â”€â”€â”€â”€â”€â”€  
   FAILED  Tests\Feature\StripeWebhookTest > ignores unknown webhook types      
  Expected response status code [200] but received 404.
Failed asserting that 404 is identical to 200.

  at tests/Feature/StripeWebhookTest.php:121
    117â–•             'Stripe-Signature' => 'test_signature',
    118â–•         ]);
    119â–• 
    120â–•         // Should still return 200 to acknowledge receipt
  âžœ 121â–•         $response->assertStatus(200);
    122â–•     }
    123â–• }
    124â–•

  â”€â”€â”€â”€â”€â”€â”€â”€â”€â”€â”€â”€â”€â”€â”€â”€â”€â”€â”€â”€â”€â”€â”€â”€â”€â”€â”€â”€â”€â”€â”€â”€â”€â”€â”€â”€â”€â”€â”€â”€â”€â”€â”€â”€â”€â”€â”€â”€â”€â”€â”€â”€â”€â”€â”€â”€â”€â”€â”€â”€â”€â”€â”€â”€â”€â”€â”€â”€â”€â”€â”€â”€â”€â”€â”€â”€  
   FAILED  Tests\Feature\SurveyApiTest > can list survey sections               
  Expected response status code [200] but received 404.
Failed asserting that 404 is identical to 200.

  at tests/Feature/SurveyApiTest.php:20
     16â–•         SurveySection::factory()->count(3)->create();
     17â–• 
     18â–•         $response = $this->getJson('/api/v1/survey/sections');
     19â–• 
  âžœ  20â–•         $response->assertStatus(200)
     21â–•             ->assertJsonStructure([
     22â–•                 'data' => [
     23â–•                     '*' => ['id', 'title', 'description', 'order']
     24â–•                 ]

  â”€â”€â”€â”€â”€â”€â”€â”€â”€â”€â”€â”€â”€â”€â”€â”€â”€â”€â”€â”€â”€â”€â”€â”€â”€â”€â”€â”€â”€â”€â”€â”€â”€â”€â”€â”€â”€â”€â”€â”€â”€â”€â”€â”€â”€â”€â”€â”€â”€â”€â”€â”€â”€â”€â”€â”€â”€â”€â”€â”€â”€â”€â”€â”€â”€â”€â”€â”€â”€â”€â”€â”€â”€â”€â”€â”€  
   FAILED  Tests\Feature\SurveyApiTest > can create survey section              
  Expected response status code [201] but received 404.
Failed asserting that 404 is identical to 201.

  at tests/Feature/SurveyApiTest.php:39
     35â–•         ];
     36â–• 
     37â–•         $response = $this->postJson('/api/v1/survey/sections', $data);
     38â–• 
  âžœ  39â–•         $response->assertStatus(201)
     40â–•             ->assertJsonStructure(['data' => ['id', 'title', 'description']]);
     41â–• 
     42â–•         $this->assertDatabaseHas('survey_sections', [
     43â–•             'title' => 'Test Section',

  â”€â”€â”€â”€â”€â”€â”€â”€â”€â”€â”€â”€â”€â”€â”€â”€â”€â”€â”€â”€â”€â”€â”€â”€â”€â”€â”€â”€â”€â”€â”€â”€â”€â”€â”€â”€â”€â”€â”€â”€â”€â”€â”€â”€â”€â”€â”€â”€â”€â”€â”€â”€â”€â”€â”€â”€â”€â”€â”€â”€â”€â”€â”€â”€â”€â”€â”€â”€â”€â”€â”€â”€â”€â”€â”€â”€  
   FAILED  Tests\Feature\SurveyApiTest > can update survey section              
  Expected response status code [200] but received 404.
Failed asserting that 404 is identical to 200.

  at tests/Feature/SurveyApiTest.php:58
     54â–•         ];
     55â–• 
     56â–•         $response = $this->putJson("/api/v1/survey/sections/{$section->id}", $data);
     57â–• 
  âžœ  58â–•         $response->assertStatus(200);
     59â–• 
     60â–•         $this->assertDatabaseHas('survey_sections', [
     61â–•             'id' => $section->id,
     62â–•             'title' => 'Updated Section',

  â”€â”€â”€â”€â”€â”€â”€â”€â”€â”€â”€â”€â”€â”€â”€â”€â”€â”€â”€â”€â”€â”€â”€â”€â”€â”€â”€â”€â”€â”€â”€â”€â”€â”€â”€â”€â”€â”€â”€â”€â”€â”€â”€â”€â”€â”€â”€â”€â”€â”€â”€â”€â”€â”€â”€â”€â”€â”€â”€â”€â”€â”€â”€â”€â”€â”€â”€â”€â”€â”€â”€â”€â”€â”€â”€â”€  
   FAILED  Tests\Feature\SurveyApiTest > can delete survey section              
  Expected response status code [204] but received 404.
Failed asserting that 404 is identical to 204.

  at tests/Feature/SurveyApiTest.php:72
     68â–•         $section = SurveySection::factory()->create();
     69â–• 
     70â–•         $response = $this->deleteJson("/api/v1/survey/sections/{$section->id}");
     71â–• 
  âžœ  72â–•         $response->assertStatus(204);
     73â–• 
     74â–•         $this->assertDatabaseMissing('survey_sections', [
     75â–•             'id' => $section->id,
     76â–•         ]);

  â”€â”€â”€â”€â”€â”€â”€â”€â”€â”€â”€â”€â”€â”€â”€â”€â”€â”€â”€â”€â”€â”€â”€â”€â”€â”€â”€â”€â”€â”€â”€â”€â”€â”€â”€â”€â”€â”€â”€â”€â”€â”€â”€â”€â”€â”€â”€â”€â”€â”€â”€â”€â”€â”€â”€â”€â”€â”€â”€â”€â”€â”€â”€â”€â”€â”€â”€â”€â”€â”€â”€â”€â”€â”€â”€â”€  
   FAILED  Tests\Feature\SurveyApiTest > can list questions for section         
  Expected response status code [200] but received 404.
Failed asserting that 404 is identical to 200.

  at tests/Feature/SurveyApiTest.php:86
     82â–•         SurveyQuestion::factory()->count(3)->create(['section_id' => $section->id]);
     83â–• 
     84â–•         $response = $this->getJson("/api/v1/survey/sections/{$section->id}/questions");
     85â–• 
  âžœ  86â–•         $response->assertStatus(200)
     87â–•             ->assertJsonStructure([
     88â–•                 'data' => [
     89â–•                     '*' => ['id', 'question_text', 'question_type', 'section_id']
     90â–•                 ]

  â”€â”€â”€â”€â”€â”€â”€â”€â”€â”€â”€â”€â”€â”€â”€â”€â”€â”€â”€â”€â”€â”€â”€â”€â”€â”€â”€â”€â”€â”€â”€â”€â”€â”€â”€â”€â”€â”€â”€â”€â”€â”€â”€â”€â”€â”€â”€â”€â”€â”€â”€â”€â”€â”€â”€â”€â”€â”€â”€â”€â”€â”€â”€â”€â”€â”€â”€â”€â”€â”€â”€â”€â”€â”€â”€â”€  
   FAILED  Tests\Feature\SurveyApiTest > can create survey question             
  Expected response status code [201] but received 404.
Failed asserting that 404 is identical to 201.

  at tests/Feature/SurveyApiTest.php:108
    104â–•         ];
    105â–• 
    106â–•         $response = $this->postJson('/api/v1/survey/questions', $data);
    107â–• 
  âžœ 108â–•         $response->assertStatus(201)
    109â–•             ->assertJsonStructure(['data' => ['id', 'question_text', 'question_type']]);
    110â–• 
    111â–•         $this->assertDatabaseHas('survey_questions', [
    112â–•             'question_text' => 'Test Question?',

  â”€â”€â”€â”€â”€â”€â”€â”€â”€â”€â”€â”€â”€â”€â”€â”€â”€â”€â”€â”€â”€â”€â”€â”€â”€â”€â”€â”€â”€â”€â”€â”€â”€â”€â”€â”€â”€â”€â”€â”€â”€â”€â”€â”€â”€â”€â”€â”€â”€â”€â”€â”€â”€â”€â”€â”€â”€â”€â”€â”€â”€â”€â”€â”€â”€â”€â”€â”€â”€â”€â”€â”€â”€â”€â”€â”€  
   FAILED  Tests\Feature\SurveyApiTest > can update survey question             
  Expected response status code [200] but received 404.
Failed asserting that 404 is identical to 200.

  at tests/Feature/SurveyApiTest.php:127
    123â–•         ];
    124â–• 
    125â–•         $response = $this->putJson("/api/v1/survey/questions/{$question->id}", $data);
    126â–• 
  âžœ 127â–•         $response->assertStatus(200);
    128â–• 
    129â–•         $this->assertDatabaseHas('survey_questions', [
    130â–•             'id' => $question->id,
    131â–•             'question_text' => 'Updated Question?',

  â”€â”€â”€â”€â”€â”€â”€â”€â”€â”€â”€â”€â”€â”€â”€â”€â”€â”€â”€â”€â”€â”€â”€â”€â”€â”€â”€â”€â”€â”€â”€â”€â”€â”€â”€â”€â”€â”€â”€â”€â”€â”€â”€â”€â”€â”€â”€â”€â”€â”€â”€â”€â”€â”€â”€â”€â”€â”€â”€â”€â”€â”€â”€â”€â”€â”€â”€â”€â”€â”€â”€â”€â”€â”€â”€â”€  
   FAILED  Tests\Feature\SurveyApiTest > can delete survey question             
  Expected response status code [204] but received 404.
Failed asserting that 404 is identical to 204.

  at tests/Feature/SurveyApiTest.php:141
    137â–•         $question = SurveyQuestion::factory()->create();
    138â–• 
    139â–•         $response = $this->deleteJson("/api/v1/survey/questions/{$question->id}");
    140â–• 
  âžœ 141â–•         $response->assertStatus(204);
    142â–• 
    143â–•         $this->assertDatabaseMissing('survey_questions', [
    144â–•             'id' => $question->id,
    145â–•         ]);

  â”€â”€â”€â”€â”€â”€â”€â”€â”€â”€â”€â”€â”€â”€â”€â”€â”€â”€â”€â”€â”€â”€â”€â”€â”€â”€â”€â”€â”€â”€â”€â”€â”€â”€â”€â”€â”€â”€â”€â”€â”€â”€â”€â”€â”€â”€â”€â”€â”€â”€â”€â”€â”€â”€â”€â”€â”€â”€â”€â”€â”€â”€â”€â”€â”€â”€â”€â”€â”€â”€â”€â”€â”€â”€â”€â”€  
   FAILED  Tests\Feature\TTSApiTest > can generate audio from text              
  Expected response status code [200] but received 404.
Failed asserting that 404 is identical to 200.

  at tests/Feature/TTSApiTest.php:22
     18â–•         ];
     19â–• 
     20â–•         $response = $this->postJson('/api/v1/tts/generate', $data);
     21â–• 
  âžœ  22â–•         $response->assertStatus(200)
     23â–•             ->assertJsonStructure([
     24â–•                 'data' => ['audio_url', 'duration', 'text_length']
     25â–•             ]);
     26â–•     }

  â”€â”€â”€â”€â”€â”€â”€â”€â”€â”€â”€â”€â”€â”€â”€â”€â”€â”€â”€â”€â”€â”€â”€â”€â”€â”€â”€â”€â”€â”€â”€â”€â”€â”€â”€â”€â”€â”€â”€â”€â”€â”€â”€â”€â”€â”€â”€â”€â”€â”€â”€â”€â”€â”€â”€â”€â”€â”€â”€â”€â”€â”€â”€â”€â”€â”€â”€â”€â”€â”€â”€â”€â”€â”€â”€â”€  
   FAILED  Tests\Feature\TTSApiTest > can get generation status                 
  Expected response status code [200] but received 404.
Failed asserting that 404 is identical to 200.

  at tests/Feature/TTSApiTest.php:34
     30â–•         $jobId = 'test-job-id';
     31â–• 
     32â–•         $response = $this->getJson("/api/v1/tts/status/{$jobId}");
     33â–• 
  âžœ  34â–•         $response->assertStatus(200)
     35â–•             ->assertJsonStructure([
     36â–•                 'data' => ['status', 'progress', 'audio_url']
     37â–•             ]);
     38â–•     }

  â”€â”€â”€â”€â”€â”€â”€â”€â”€â”€â”€â”€â”€â”€â”€â”€â”€â”€â”€â”€â”€â”€â”€â”€â”€â”€â”€â”€â”€â”€â”€â”€â”€â”€â”€â”€â”€â”€â”€â”€â”€â”€â”€â”€â”€â”€â”€â”€â”€â”€â”€â”€â”€â”€â”€â”€â”€â”€â”€â”€â”€â”€â”€â”€â”€â”€â”€â”€â”€â”€â”€â”€â”€â”€â”€â”€  
   FAILED  Tests\Feature\TTSApiTest > requires text for generation              
  Expected response status code [422] but received 404.
Failed asserting that 404 is identical to 422.

  at tests/Feature/TTSApiTest.php:46
     42â–•         $response = $this->postJson('/api/v1/tts/generate', [
     43â–•             'voice_id' => 'default',
     44â–•         ]);
     45â–• 
  âžœ  46â–•         $response->assertStatus(422)
     47â–•             ->assertJsonValidationErrors(['text']);
     48â–•     }
     49â–• 
     50â–•     public function test_can_list_available_voices(): void

  â”€â”€â”€â”€â”€â”€â”€â”€â”€â”€â”€â”€â”€â”€â”€â”€â”€â”€â”€â”€â”€â”€â”€â”€â”€â”€â”€â”€â”€â”€â”€â”€â”€â”€â”€â”€â”€â”€â”€â”€â”€â”€â”€â”€â”€â”€â”€â”€â”€â”€â”€â”€â”€â”€â”€â”€â”€â”€â”€â”€â”€â”€â”€â”€â”€â”€â”€â”€â”€â”€â”€â”€â”€â”€â”€â”€  
   FAILED  Tests\Feature\TTSApiTest > can list available voices                 
  Expected response status code [200] but received 404.
Failed asserting that 404 is identical to 200.

  at tests/Feature/TTSApiTest.php:54
     50â–•     public function test_can_list_available_voices(): void
     51â–•     {
     52â–•         $response = $this->getJson('/api/v1/tts/voices');
     53â–• 
  âžœ  54â–•         $response->assertStatus(200)
     55â–•             ->assertJsonStructure([
     56â–•                 'data' => [
     57â–•                     '*' => ['id', 'name', 'language', 'gender']
     58â–•                 ]

  â”€â”€â”€â”€â”€â”€â”€â”€â”€â”€â”€â”€â”€â”€â”€â”€â”€â”€â”€â”€â”€â”€â”€â”€â”€â”€â”€â”€â”€â”€â”€â”€â”€â”€â”€â”€â”€â”€â”€â”€â”€â”€â”€â”€â”€â”€â”€â”€â”€â”€â”€â”€â”€â”€â”€â”€â”€â”€â”€â”€â”€â”€â”€â”€â”€â”€â”€â”€â”€â”€â”€â”€â”€â”€â”€â”€  
   FAILED  Tests\Feature\TrainingApiTest > can list training courses            
  Expected response status code [200] but received 404.
Failed asserting that 404 is identical to 200.

  at tests/Feature/TrainingApiTest.php:16
     12â–•     public function test_can_list_training_courses(): void
     13â–•     {
     14â–•         $response = $this->getJson('/api/v1/training/courses');
     15â–• 
  âžœ  16â–•         $response->assertStatus(200)
     17â–•             ->assertJsonStructure([
     18â–•                 'data' => [
     19â–•                     '*' => ['id', 'title', 'description', 'duration']
     20â–•                 ]

  â”€â”€â”€â”€â”€â”€â”€â”€â”€â”€â”€â”€â”€â”€â”€â”€â”€â”€â”€â”€â”€â”€â”€â”€â”€â”€â”€â”€â”€â”€â”€â”€â”€â”€â”€â”€â”€â”€â”€â”€â”€â”€â”€â”€â”€â”€â”€â”€â”€â”€â”€â”€â”€â”€â”€â”€â”€â”€â”€â”€â”€â”€â”€â”€â”€â”€â”€â”€â”€â”€â”€â”€â”€â”€â”€â”€  
   FAILED  Tests\Feature\TrainingApiTest > can show training course             
  Expected response status code [200] but received 404.
Failed asserting that 404 is identical to 200.

  at tests/Feature/TrainingApiTest.php:32
     28â–• 
     29â–•         $response = $this->getJson("/api/v1/training/courses/{$courseId}");
     30â–• 
     31â–•         // Adjust assertion based on actual implementation
  âžœ  32â–•         $response->assertStatus(200);
     33â–•     }
     34â–• 
     35â–•     public function test_can_enroll_in_training_course(): void
     36â–•     {

  â”€â”€â”€â”€â”€â”€â”€â”€â”€â”€â”€â”€â”€â”€â”€â”€â”€â”€â”€â”€â”€â”€â”€â”€â”€â”€â”€â”€â”€â”€â”€â”€â”€â”€â”€â”€â”€â”€â”€â”€â”€â”€â”€â”€â”€â”€â”€â”€â”€â”€â”€â”€â”€â”€â”€â”€â”€â”€â”€â”€â”€â”€â”€â”€â”€â”€â”€â”€â”€â”€â”€â”€â”€â”€â”€â”€  
   FAILED  Tests\Feature\TrainingApiTest > can enroll in training course        
  Expected response status code [201] but received 404.
Failed asserting that 404 is identical to 201.

  at tests/Feature/TrainingApiTest.php:46
     42â–•         ];
     43â–• 
     44â–•         $response = $this->postJson('/api/v1/training/enrollments', $data);
     45â–• 
  âžœ  46â–•         $response->assertStatus(201)
     47â–•             ->assertJsonStructure(['data' => ['id', 'course_id', 'user_id', 'status']]);
     48â–•     }
     49â–• 
     50â–•     public function test_can_get_user_enrollments(): void

  â”€â”€â”€â”€â”€â”€â”€â”€â”€â”€â”€â”€â”€â”€â”€â”€â”€â”€â”€â”€â”€â”€â”€â”€â”€â”€â”€â”€â”€â”€â”€â”€â”€â”€â”€â”€â”€â”€â”€â”€â”€â”€â”€â”€â”€â”€â”€â”€â”€â”€â”€â”€â”€â”€â”€â”€â”€â”€â”€â”€â”€â”€â”€â”€â”€â”€â”€â”€â”€â”€â”€â”€â”€â”€â”€â”€  
   FAILED  Tests\Feature\TrainingApiTest > can get user enrollments             
  Expected response status code [200] but received 404.
Failed asserting that 404 is identical to 200.

  at tests/Feature/TrainingApiTest.php:56
     52â–•         $userId = '00000000-0000-0000-0000-000000000000';
     53â–• 
     54â–•         $response = $this->getJson("/api/v1/training/users/{$userId}/enrollments");
     55â–• 
  âžœ  56â–•         $response->assertStatus(200)
     57â–•             ->assertJsonStructure([
     58â–•                 'data' => [
     59â–•                     '*' => ['id', 'course_id', 'status', 'progress']
     60â–•                 ]


  Tests:    152 failed, 5 passed (138 assertions)
  Duration: 0.98s

